Molecule Name neutra.log
Model Type SMALL
Charge Method AMBER ff03.r1
Has 20 atoms and 20 bonds

 Atom Record
     no.    name   type residue  Sym seg atno            coordinates             charge     mass  bonds
      1        C    C.3    LIG    C   1    6     0.5300     1.3788    -0.1268   -0.1054   12.0110   4    main
      2        C    C.3    LIG    C   1    6    -0.4820     0.3203     0.2888    0.0961   12.0110   4    main
      3        C    C.3    LIG    C   1    6     1.1546    -1.4035     0.1722    0.1324   12.0110   4    main
      4        C    C.3    LIG    C   1    6     2.2409    -0.4251    -0.2394   -0.1134   12.0110   4    main
      5        C    C.3    LIG    C   1    6     1.9301     0.9648     0.2763   -0.0774   12.0110   4    main
      6        H      H    LIG    H   1    1    -0.5299     0.2468     1.4117    0.0507    1.0080   1
      7        H      H    LIG    H   1    1     0.4848     1.5184    -1.2384    0.0522    1.0080   1
      8        H      H    LIG    H   1    1     0.2622     2.3535     0.3550    0.0522    1.0080   1
      9        H      H    LIG    H   1    1     1.1628    -1.5537     1.2850    0.0477    1.0080   1
     10        H      H    LIG    H   1    1     1.2793    -2.3916    -0.3457    0.0477    1.0080   1
     11        H      H    LIG    H   1    1     3.2253    -0.7752     0.1630    0.0517    1.0080   1
     12        H      H    LIG    H   1    1     2.3142    -0.4015    -1.3578    0.0517    1.0080   1
     13        H      H    LIG    H   1    1     2.0189     0.9794     1.3944    0.0442    1.0080   1
     14        H      H    LIG    H   1    1     2.6738     1.6972    -0.1307    0.0442    1.0080   1
     15        O    O.3    LIG    O   1    8    -0.1376    -0.9677    -0.2352   -0.4306   15.9994   2    main
     16        C    C.3    LIG    C   1    6    -1.8719     0.6295    -0.2744    0.1374   12.0110   4    main
     17        H      H    LIG    H   1    1    -2.2056     1.6430     0.0719    0.0517    1.0080   1
     18        H      H    LIG    H   1    1    -1.8473     0.5929    -1.3958    0.0517    1.0080   1
     19        O    O.3    LIG    O   1    8    -2.8396    -0.2697     0.2224   -0.5988   15.9994   2    main
     20        H      H    LIG    H   1    1    -2.5378    -1.1600    -0.0010    0.4140    1.0080   1

===============================================================
----------------------ring property (I)------------------------

        Ring 1

    1     1     1     C
    1     2     2     C
    1     3     3     C
    1     4     4     C
    1     5     5     C
    1     6    15     O

===============================================================
---------------------ring property (II)------------------------
atom[    1] (C   ) belongs to one member of 6-membered ring (No  1)
atom[    2] (C   ) belongs to one member of 6-membered ring (No  1)
atom[    3] (C   ) belongs to one member of 6-membered ring (No  1)
atom[    4] (C   ) belongs to one member of 6-membered ring (No  1)
atom[    5] (C   ) belongs to one member of 6-membered ring (No  1)
atom[   15] (O   ) belongs to one member of 6-membered ring (No  1)

===============================================================
---------------------ring property (III)-----------------------
atom[    1] (C   ) involved in 1 6-member ring(s)
atom[    2] (C   ) involved in 1 6-member ring(s)
atom[    3] (C   ) involved in 1 6-member ring(s)
atom[    4] (C   ) involved in 1 6-member ring(s)
atom[    5] (C   ) involved in 1 6-member ring(s)
atom[    6] (H   ) is not in any ring (number[6]=1)
atom[    7] (H   ) is not in any ring (number[7]=1)
atom[    8] (H   ) is not in any ring (number[8]=1)
atom[    9] (H   ) is not in any ring (number[9]=1)
atom[   10] (H   ) is not in any ring (number[10]=1)
atom[   11] (H   ) is not in any ring (number[11]=1)
atom[   12] (H   ) is not in any ring (number[12]=1)
atom[   13] (H   ) is not in any ring (number[13]=1)
atom[   14] (H   ) is not in any ring (number[14]=1)
atom[   15] (O   ) involved in 1 6-member ring(s)
atom[   16] (C   ) is not in any ring (number[16]=1)
atom[   17] (H   ) is not in any ring (number[17]=1)
atom[   18] (H   ) is not in any ring (number[18]=1)
atom[   19] (O   ) is not in any ring (number[19]=1)
atom[   20] (H   ) is not in any ring (number[20]=1)

===============================================================
----------------------aromatic property------------------------
atom[    1] (C   ) is in 1 non-planar ring(s) (AR4)
atom[    2] (C   ) is in 1 non-planar ring(s) (AR4)
atom[    3] (C   ) is in 1 non-planar ring(s) (AR4)
atom[    4] (C   ) is in 1 non-planar ring(s) (AR4)
atom[    5] (C   ) is in 1 non-planar ring(s) (AR4)
atom[   15] (O   ) is in 1 non-planar ring(s) (AR4)

===============================================================
---------------------electronic property-----------------------
atom[    1] (C   ) is not an electron withdrawing atom
atom[    2] (C   ) is not an electron withdrawing atom
atom[    3] (C   ) is not an electron withdrawing atom
atom[    4] (C   ) is not an electron withdrawing atom
atom[    5] (C   ) is not an electron withdrawing atom
atom[    6] (H   ) is not an electron withdrawing atom
atom[    7] (H   ) is not an electron withdrawing atom
atom[    8] (H   ) is not an electron withdrawing atom
atom[    9] (H   ) is not an electron withdrawing atom
atom[   10] (H   ) is not an electron withdrawing atom
atom[   11] (H   ) is not an electron withdrawing atom
atom[   12] (H   ) is not an electron withdrawing atom
atom[   13] (H   ) is not an electron withdrawing atom
atom[   14] (H   ) is not an electron withdrawing atom
atom[   15] (O   ) is an electron withdrawing atom
atom[   16] (C   ) is not an electron withdrawing atom
atom[   17] (H   ) is not an electron withdrawing atom
atom[   18] (H   ) is not an electron withdrawing atom
atom[   19] (O   ) is an electron withdrawing atom
atom[   20] (H   ) is not an electron withdrawing atom

===============================================================
--------------------connectivity property----------------------
atom[    1] (C   )     8     H
atom[    1] (C   )     7     H
atom[    1] (C   )     2     C
atom[    1] (C   )     5     C
atom[    2] (C   )     1     C
atom[    2] (C   )    16     C
atom[    2] (C   )    15     O
atom[    2] (C   )     6     H
atom[    3] (C   )    15     O
atom[    3] (C   )     9     H
atom[    3] (C   )    10     H
atom[    3] (C   )     4     C
atom[    4] (C   )     3     C
atom[    4] (C   )    12     H
atom[    4] (C   )    11     H
atom[    4] (C   )     5     C
atom[    5] (C   )     4     C
atom[    5] (C   )    14     H
atom[    5] (C   )    13     H
atom[    5] (C   )     1     C
atom[    6] (H   )     2     C
atom[    7] (H   )     1     C
atom[    8] (H   )     1     C
atom[    9] (H   )     3     C
atom[   10] (H   )     3     C
atom[   11] (H   )     4     C
atom[   12] (H   )     4     C
atom[   13] (H   )     5     C
atom[   14] (H   )     5     C
atom[   15] (O   )     2     C
atom[   15] (O   )     3     C
atom[   16] (C   )     2     C
atom[   16] (C   )    19     O
atom[   16] (C   )    18     H
atom[   16] (C   )    17     H
atom[   17] (H   )    16     C
atom[   18] (H   )    16     C
atom[   19] (O   )    16     C
atom[   19] (O   )    20     H
atom[   20] (H   )    19     O
------------------------------end------------------------------


Found 38 angles, 54 torsions

In /opt/topolbuild1_2_1/dat/antechamber/ATOMTYPE_GFF.DEF there are 5 WILDATOM lines and 274 ATD lines
Number of correlation entries in file = 120

	Found
		71 atom records
		739 bond records
		3504 angle records
		696 torsion records
		39 impropers records
		67 van der Waals records
		0 van der Waals equivalence records with 0 maximum record length


	Atom Force Field Results
     no.    name   type   pol.   radius     pot.
      1        C     C3   0.878   1.9080   0.1094
      2        C     C3   0.878   1.9080   0.1094
      3        C     C3   0.878   1.9080   0.1094
      4        C     C3   0.878   1.9080   0.1094
      5        C     C3   0.878   1.9080   0.1094
      6        H     H1   0.135   1.3870   0.0157
      7        H     HC   0.135   1.4870   0.0157
      8        H     HC   0.135   1.4870   0.0157
      9        H     H1   0.135   1.3870   0.0157
     10        H     H1   0.135   1.3870   0.0157
     11        H     HC   0.135   1.4870   0.0157
     12        H     HC   0.135   1.4870   0.0157
     13        H     HC   0.135   1.4870   0.0157
     14        H     HC   0.135   1.4870   0.0157
     15        O     OS   0.465   1.6837   0.1700
     16        C     C3   0.878   1.9080   0.1094
     17        H     H1   0.135   1.3870   0.0157
     18        H     H1   0.135   1.3870   0.0157
     19        O     OH   0.465   1.7210   0.2104
     20        H     HO   0.135   0.0000   0.0000

	Bond Force Field Results
  no.     bond    type  interp.  force  length   measured
   1     C-    H    1     1      337.3   1.092      1.120
   2     H-    C    1     1      337.3   1.092      1.121
   3     C-    C    1     1      303.1   1.535      1.522
   4     C-    C    1     1      303.1   1.535      1.531
   5     C-    O    1     1      314.1   1.426      1.411
   6     H-    O    1     1      369.6   0.974      0.966
   7     H-    C    1     1      335.9   1.093      1.122
   8     C-    H    1     1      335.9   1.093      1.122
   9     O-    C    1     1      301.5   1.439      1.433
  10     O-    C    1     1      301.5   1.439      1.423
  11     C-    H    1     1      335.9   1.093      1.123
  12     H-    C    1     1      335.9   1.093      1.123
  13     C-    C    1     1      303.1   1.535      1.519
  14     H-    C    1     1      337.3   1.092      1.121
  15     C-    H    1     1      337.3   1.092      1.120
  16     C-    C    1     1      303.1   1.535      1.515
  17     H-    C    1     1      337.3   1.092      1.120
  18     C-    H    1     1      337.3   1.092      1.122
  19     C-    C    1     1      303.1   1.535      1.515
  20     C-    H    1     1      335.9   1.093      1.126

	Angles Force Field Results
Angle        Atoms        force    angle     method measured
   1     H-    C-    H     39.4   108.35        1    107.972
   2     C-    C-    H     46.4   110.05        1    109.196
   3     C-    C-    H     46.4   110.05        1    110.150
   4     H-    C-    C     46.4   110.05        1    109.296
   5     H-    C-    C     46.4   110.05        1    109.581
   6     C-    C-    C     63.2   110.63        1    110.598
   7     C-    C-    C     63.2   110.63        1    111.261
   8     C-    C-    O     67.8   108.42        1    111.438
   9     C-    C-    H     46.4   110.07        1    110.233
  10     O-    C-    C     67.7   109.43        1    111.362
  11     H-    C-    C     46.4   110.07        1    109.941
  12     H-    C-    C     46.4   110.07        1    109.810
  13     C-    C-    O     67.8   108.42        1    105.381
  14     C-    C-    H     46.4   110.07        1    109.954
  15     H-    C-    O     51.0   109.88        1    110.242
  16     H-    C-    O     51.0   109.88        1    105.248
  17     C-    O-    H     47.1   108.16        1    106.948
  18     H-    C-    H     39.2   109.55        1    110.148
  19     C-    O-    C     62.1   113.41        1    112.885
  20     O-    C-    H     50.8   108.82        1    108.435
  21     O-    C-    H     50.8   108.82        1    109.345
  22     O-    C-    H     50.8   108.82        1    103.787
  23     O-    C-    C     67.8   108.42        1    111.997
  24     H-    C-    H     39.2   109.55        1    109.795
  25     C-    C-    H     46.4   110.07        1    110.457
  26     H-    C-    C     46.4   110.07        1    111.257
  27     H-    C-    C     46.4   110.05        1    109.311
  28     H-    C-    C     46.4   110.05        1    109.270
  29     C-    C-    C     63.2   110.63        1    110.615
  30     H-    C-    H     39.4   108.35        1    107.918
  31     H-    C-    C     46.4   110.05        1    109.497
  32     C-    C-    H     46.4   110.05        1    110.180
  33     C-    C-    H     46.4   110.05        1    109.875
  34     C-    C-    H     46.4   110.05        1    109.576
  35     C-    C-    C     63.2   110.63        1    110.479
  36     H-    C-    H     39.4   108.35        1    107.521
  37     H-    C-    C     46.4   110.05        1    109.770
  38     C-    C-    H     46.4   110.05        1    109.566

	Torsions Force Field Results
Simple Torsions
Tors           Atoms           mul force   phase   term   measured   purge
   1     H-    C-    C-    C    1   0.16     0.0    3.0    66.296    0
   2     H-    C-    C-    O    1   0.25     0.0    1.0   180.000    0
   3     H-    C-    C-    H    9   1.40     0.0    3.0   304.041    0
   4     H-    C-    C-    C    1   0.16     0.0    3.0   308.388    0
   5     H-    C-    C-    O    1   0.25     0.0    1.0    65.682    0
   6     H-    C-    C-    H    9   1.40     0.0    3.0   186.133    0
   7     C-    C-    C-    C    1   0.18     0.0   -3.0   187.663    0
   7     C-    C-    C-    C    1   0.25   180.0   -2.0
   7     C-    C-    C-    C    1   0.20   180.0    1.0
   8     C-    C-    C-    O    9   1.40     0.0    3.0   304.957    5
   9     C-    C-    C-    H    9   1.40     0.0    3.0    65.408    0
  10     O-    C-    C-    C    9   1.40     0.0    3.0   186.172    3
  11     O-    C-    C-    O    1   0.14     0.0   -3.0    65.255    0
  11     O-    C-    C-    O    1   1.17     0.0    2.0
  12     O-    C-    C-    H    1   0.25     0.0    1.0   308.588    0
  13     H-    C-    C-    C    9   1.40     0.0    3.0    63.685    0
  14     H-    C-    C-    O    1   0.25     0.0    1.0   302.767    0
  15     H-    C-    C-    H    9   1.40     0.0    3.0   186.101    0
  16     H-    C-    C-    C    9   1.40     0.0    3.0   302.343    0
  17     H-    C-    C-    O    1   0.25     0.0    1.0   180.000    0
  18     H-    C-    C-    H    9   1.40     0.0    3.0    64.759    0
  19     C-    C-    O-    H    1   0.16     0.0   -3.0   303.425    1
  19     C-    C-    O-    H    1   0.25     0.0    1.0
  20     H-    C-    O-    H    3   0.50     0.0    3.0    65.738    0
  21     H-    C-    O-    H    3   0.50     0.0    3.0   184.491    0
  22     C-    O-    C-    C    1   0.38     0.0   -3.0    57.982    5
  22     C-    O-    C-    C    1   0.10   180.0    2.0
  23     C-    O-    C-    C    1   0.38     0.0   -3.0   180.000    0
  23     C-    O-    C-    C    1   0.10   180.0    2.0
  24     C-    O-    C-    H    3   1.15     0.0    3.0   296.481    0
  25     C-    O-    C-    H    3   1.15     0.0    3.0    64.861    0
  26     C-    O-    C-    H    3   1.15     0.0    3.0   181.972    0
  27     C-    O-    C-    C    1   0.38     0.0   -3.0   302.087    5
  27     C-    O-    C-    C    1   0.10   180.0    2.0
  28     H-    C-    C-    O    1   0.25     0.0    1.0   294.043    0
  29     H-    C-    C-    H    9   1.40     0.0    3.0   171.903    0
  30     H-    C-    C-    H    9   1.40     0.0    3.0    49.697    0
  31     H-    C-    C-    O    1   0.25     0.0    1.0   180.000    0
  32     H-    C-    C-    H    9   1.40     0.0    3.0    54.008    0
  33     H-    C-    C-    H    9   1.40     0.0    3.0   291.803    0
  34     C-    C-    C-    O    9   1.40     0.0    3.0    54.684    5
  35     C-    C-    C-    H    9   1.40     0.0    3.0   292.544    0
  36     C-    C-    C-    H    9   1.40     0.0    3.0   170.339    0
  37     C-    C-    C-    H    1   0.16     0.0    3.0   186.433    0
  38     C-    C-    C-    H    1   0.16     0.0    3.0    68.508    0
  39     C-    C-    C-    C    1   0.18     0.0   -3.0   307.695    5
  39     C-    C-    C-    C    1   0.25   180.0   -2.0
  39     C-    C-    C-    C    1   0.20   180.0    1.0
  40     H-    C-    C-    H    1   0.15     0.0    3.0   306.963    0
  41     H-    C-    C-    H    1   0.15     0.0    3.0   189.038    0
  42     H-    C-    C-    C    1   0.16     0.0    3.0    68.225    0
  43     H-    C-    C-    H    1   0.15     0.0    3.0    65.508    0
  44     H-    C-    C-    H    1   0.15     0.0    3.0   307.582    0
  45     H-    C-    C-    C    1   0.16     0.0    3.0   186.770    0
  46     H-    C-    C-    C    1   0.16     0.0    3.0   173.470    0
  47     H-    C-    C-    H    1   0.15     0.0    3.0   294.795    0
  48     H-    C-    C-    H    1   0.15     0.0    3.0    52.652    0
  49     H-    C-    C-    C    1   0.16     0.0    3.0   292.114    0
  50     H-    C-    C-    H    1   0.15     0.0    3.0    53.439    0
  51     H-    C-    C-    H    1   0.15     0.0    3.0   171.296    0
  52     C-    C-    C-    C    1   0.18     0.0   -3.0    52.669    5
  52     C-    C-    C-    C    1   0.25   180.0   -2.0
  52     C-    C-    C-    C    1   0.20   180.0    1.0
  53     C-    C-    C-    H    1   0.16     0.0    3.0   173.993    0
  54     C-    C-    C-    H    1   0.16     0.0    3.0   291.850    0
