Log file opened on Fri Aug 15 00:21:40 2014
Host: mario-RV411  pid: 8374  nodeid: 0  nnodes:  1
Gromacs version:    VERSION 4.6.3
Precision:          single
Memory model:       64 bit
MPI library:        thread_mpi
OpenMP support:     enabled
GPU support:        disabled
invsqrt routine:    gmx_software_invsqrt(x)
CPU acceleration:   SSE4.1
FFT library:        fftw-3.3.3-sse2-avx
Large file support: enabled
RDTSCP usage:       enabled
Built on:           Sat Jul  6 05:13:43 UTC 2013
Built by:           buildd@batsu [CMAKE]
Build OS/arch:      Linux 3.2.0-37-generic x86_64
Build CPU vendor:   GenuineIntel
Build CPU brand:    Intel(R) Xeon(R) CPU           E5620  @ 2.40GHz
Build CPU family:   6   Model: 44   Stepping: 2
Build CPU features: aes apic clfsh cmov cx8 cx16 htt lahf_lm mmx msr nonstop_tsc pcid pclmuldq pdcm pdpe1gb popcnt pse rdtscp sse2 sse3 sse4.1 sse4.2 ssse3
C compiler:         /usr/bin/cc GNU gcc-4.8.real (Ubuntu 4.8.1-5ubuntu1) 4.8.1
C compiler flags:   -msse4.1    -Wextra -Wno-missing-field-initializers -Wno-sign-compare -Wall -Wno-unused -Wunused-value -Wno-unused-parameter -Wno-array-bounds -Wno-maybe-uninitialized -Wno-strict-overflow   -fomit-frame-pointer -funroll-all-loops -fexcess-precision=fast  -O3 -DNDEBUG


                         :-)  G  R  O  M  A  C  S  (-:

                Gravel Rubs Often Many Awfully Cauterized Sores

                            :-)  VERSION 4.6.3  (-:

        Contributions from Mark Abraham, Emile Apol, Rossen Apostolov, 
           Herman J.C. Berendsen, Aldert van Buuren, Pär Bjelkmar,  
     Rudi van Drunen, Anton Feenstra, Gerrit Groenhof, Christoph Junghans, 
        Peter Kasson, Carsten Kutzner, Per Larsson, Pieter Meulenhoff, 
           Teemu Murtola, Szilard Pall, Sander Pronk, Roland Schulz, 
                Michael Shirts, Alfons Sijbers, Peter Tieleman,

               Berk Hess, David van der Spoel, and Erik Lindahl.

       Copyright (c) 1991-2000, University of Groningen, The Netherlands.
         Copyright (c) 2001-2012,2013, The GROMACS development team at
        Uppsala University & The Royal Institute of Technology, Sweden.
            check out http://www.gromacs.org for more information.

         This program is free software; you can redistribute it and/or
       modify it under the terms of the GNU Lesser General Public License
        as published by the Free Software Foundation; either version 2.1
             of the License, or (at your option) any later version.

                            :-)  /usr/bin/mdrun  (-:


++++ PLEASE READ AND CITE THE FOLLOWING REFERENCE ++++
B. Hess and C. Kutzner and D. van der Spoel and E. Lindahl
GROMACS 4: Algorithms for highly efficient, load-balanced, and scalable
molecular simulation
J. Chem. Theory Comput. 4 (2008) pp. 435-447
-------- -------- --- Thank You --- -------- --------


++++ PLEASE READ AND CITE THE FOLLOWING REFERENCE ++++
D. van der Spoel, E. Lindahl, B. Hess, G. Groenhof, A. E. Mark and H. J. C.
Berendsen
GROMACS: Fast, Flexible and Free
J. Comp. Chem. 26 (2005) pp. 1701-1719
-------- -------- --- Thank You --- -------- --------


++++ PLEASE READ AND CITE THE FOLLOWING REFERENCE ++++
E. Lindahl and B. Hess and D. van der Spoel
GROMACS 3.0: A package for molecular simulation and trajectory analysis
J. Mol. Mod. 7 (2001) pp. 306-317
-------- -------- --- Thank You --- -------- --------


++++ PLEASE READ AND CITE THE FOLLOWING REFERENCE ++++
H. J. C. Berendsen, D. van der Spoel and R. van Drunen
GROMACS: A message-passing parallel molecular dynamics implementation
Comp. Phys. Comm. 91 (1995) pp. 43-56
-------- -------- --- Thank You --- -------- --------

Input Parameters:
   integrator           = md
   nsteps               = 5000
   init-step            = 0
   cutoff-scheme        = Group
   ns_type              = Grid
   nstlist              = 10
   ndelta               = 2
   nstcomm              = 100
   comm-mode            = Linear
   nstlog               = 1000
   nstxout              = 5000
   nstvout              = 0
   nstfout              = 0
   nstcalcenergy        = 100
   nstenergy            = 1000
   nstxtcout            = 0
   init-t               = 0
   delta-t              = 0.002
   xtcprec              = 1000
   fourierspacing       = 0.12
   nkx                  = 24
   nky                  = 24
   nkz                  = 24
   pme-order            = 4
   ewald-rtol           = 1e-05
   ewald-geometry       = 0
   epsilon-surface      = 0
   optimize-fft         = TRUE
   ePBC                 = xyz
   bPeriodicMols        = FALSE
   bContinuation        = FALSE
   bShakeSOR            = FALSE
   etc                  = V-rescale
   bPrintNHChains       = FALSE
   nsttcouple           = 10
   epc                  = Parrinello-Rahman
   epctype              = Isotropic
   nstpcouple           = 10
   tau-p                = 0.5
   ref-p (3x3):
      ref-p[    0]={ 1.00000e+00,  0.00000e+00,  0.00000e+00}
      ref-p[    1]={ 0.00000e+00,  1.00000e+00,  0.00000e+00}
      ref-p[    2]={ 0.00000e+00,  0.00000e+00,  1.00000e+00}
   compress (3x3):
      compress[    0]={ 4.50000e-05,  0.00000e+00,  0.00000e+00}
      compress[    1]={ 0.00000e+00,  4.50000e-05,  0.00000e+00}
      compress[    2]={ 0.00000e+00,  0.00000e+00,  4.50000e-05}
   refcoord-scaling     = No
   posres-com (3):
      posres-com[0]= 0.00000e+00
      posres-com[1]= 0.00000e+00
      posres-com[2]= 0.00000e+00
   posres-comB (3):
      posres-comB[0]= 0.00000e+00
      posres-comB[1]= 0.00000e+00
      posres-comB[2]= 0.00000e+00
   verlet-buffer-drift  = 0.005
   rlist                = 1.1
   rlistlong            = 1.1
   nstcalclr            = 0
   rtpi                 = 0.05
   coulombtype          = PME
   coulomb-modifier     = None
   rcoulomb-switch      = 0
   rcoulomb             = 1.1
   vdwtype              = Cut-off
   vdw-modifier         = None
   rvdw-switch          = 0
   rvdw                 = 1.1
   epsilon-r            = 1
   epsilon-rf           = inf
   tabext               = 1
   implicit-solvent     = No
   gb-algorithm         = Still
   gb-epsilon-solvent   = 80
   nstgbradii           = 1
   rgbradii             = 1
   gb-saltconc          = 0
   gb-obc-alpha         = 1
   gb-obc-beta          = 0.8
   gb-obc-gamma         = 4.85
   gb-dielectric-offset = 0.009
   sa-algorithm         = Ace-approximation
   sa-surface-tension   = 2.05016
   DispCorr             = No
   bSimTemp             = FALSE
   free-energy          = no
   nwall                = 0
   wall-type            = 9-3
   wall-atomtype[0]     = -1
   wall-atomtype[1]     = -1
   wall-density[0]      = 0
   wall-density[1]      = 0
   wall-ewald-zfac      = 3
   pull                 = no
   rotation             = FALSE
   disre                = No
   disre-weighting      = Conservative
   disre-mixed          = FALSE
   dr-fc                = 1000
   dr-tau               = 0
   nstdisreout          = 100
   orires-fc            = 0
   orires-tau           = 0
   nstorireout          = 100
   dihre-fc             = 0
   em-stepsize          = 0.01
   em-tol               = 10
   niter                = 20
   fc-stepsize          = 0
   nstcgsteep           = 1000
   nbfgscorr            = 10
   ConstAlg             = Lincs
   shake-tol            = 0.0001
   lincs-order          = 4
   lincs-warnangle      = 30
   lincs-iter           = 1
   bd-fric              = 0
   ld-seed              = 1993
   cos-accel            = 0
   deform (3x3):
      deform[    0]={ 0.00000e+00,  0.00000e+00,  0.00000e+00}
      deform[    1]={ 0.00000e+00,  0.00000e+00,  0.00000e+00}
      deform[    2]={ 0.00000e+00,  0.00000e+00,  0.00000e+00}
   adress               = FALSE
   userint1             = 0
   userint2             = 0
   userint3             = 0
   userint4             = 0
   userreal1            = 0
   userreal2            = 0
   userreal3            = 0
   userreal4            = 0
grpopts:
   nrdf:        3055
   ref-t:         350
   tau-t:         0.1
anneal:          No
ann-npoints:           0
   acc:	           0           0           0
   nfreeze:           N           N           N
   energygrp-flags[  0]: 0
   efield-x:
      n = 0
   efield-xt:
      n = 0
   efield-y:
      n = 0
   efield-yt:
      n = 0
   efield-z:
      n = 0
   efield-zt:
      n = 0
   bQMMM                = FALSE
   QMconstraints        = 0
   QMMMscheme           = 0
   scalefactor          = 1
qm-opts:
   ngQM                 = 0

Initializing Domain Decomposition on 4 nodes
Dynamic load balancing: auto
Will sort the charge groups at every domain (re)decomposition
Initial maximum inter charge-group distances:
    two-body bonded interactions: 0.480 nm, LJ-14, atoms 12 16
  multi-body bonded interactions: 0.480 nm, Proper Dih., atoms 12 16
Minimum cell size due to bonded interactions: 0.528 nm
Maximum distance for 5 constraints, at 120 deg. angles, all-trans: 0.768 nm
Estimated maximum distance required for P-LINCS: 0.768 nm
This distance will limit the DD cell size, you can override this with -rcon
Using 0 separate PME nodes, as there are too few total
 nodes for efficient splitting
Scaling the initial minimum size with 1/0.8 (option -dds) = 1.25
Optimizing the DD grid for 4 cells with a minimum initial size of 0.959 nm
The maximum allowed number of cells is: X 2 Y 2 Z 2
Domain decomposition grid 2 x 2 x 1, separate PME nodes 0
PME domain decomposition: 2 x 2 x 1
Domain decomposition nodeid 0, coordinates 0 0 0

Using 4 MPI threads

Detecting CPU-specific acceleration.
Present hardware specification:
Vendor: GenuineIntel
Brand:  Intel(R) Core(TM) i5 CPU       M 480  @ 2.67GHz
Family:  6  Model: 37  Stepping:  5
Features: apic clfsh cmov cx8 cx16 htt lahf_lm mmx msr nonstop_tsc pcid pdcm popcnt pse rdtscp sse2 sse3 sse4.1 sse4.2 ssse3
Acceleration most likely to fit this hardware: SSE4.1
Acceleration selected at GROMACS compile time: SSE4.1

Table routines are used for coulomb: FALSE
Table routines are used for vdw:     FALSE
Will do PME sum in reciprocal space.

++++ PLEASE READ AND CITE THE FOLLOWING REFERENCE ++++
U. Essmann, L. Perera, M. L. Berkowitz, T. Darden, H. Lee and L. G. Pedersen 
A smooth particle mesh Ewald method
J. Chem. Phys. 103 (1995) pp. 8577-8592
-------- -------- --- Thank You --- -------- --------

Will do ordinary reciprocal space Ewald sum.
Using a Gaussian width (1/beta) of 0.352179 nm for Ewald
Cut-off's:   NS: 1.1   Coulomb: 1.1   LJ: 1.1
System total charge: 0.000
Generated table with 1050 data points for Ewald.
Tabscale = 500 points/nm
Generated table with 1050 data points for LJ6.
Tabscale = 500 points/nm
Generated table with 1050 data points for LJ12.
Tabscale = 500 points/nm
Generated table with 1050 data points for 1-4 COUL.
Tabscale = 500 points/nm
Generated table with 1050 data points for 1-4 LJ6.
Tabscale = 500 points/nm
Generated table with 1050 data points for 1-4 LJ12.
Tabscale = 500 points/nm

Enabling SPC-like water optimization for 503 molecules.

Potential shift: LJ r^-12: 0.000 r^-6 0.000, Ewald 0.000e+00
Initialized non-bonded Ewald correction tables, spacing: 6.92e-04 size: 3036

Removing pbc first time
Pinning threads with an auto-selected logical core stride of 1

Initializing Parallel LINear Constraint Solver

++++ PLEASE READ AND CITE THE FOLLOWING REFERENCE ++++
B. Hess
P-LINCS: A Parallel Linear Constraint Solver for molecular simulation
J. Chem. Theory Comput. 4 (2008) pp. 116-122
-------- -------- --- Thank You --- -------- --------

The number of constraints is 20
There are inter charge-group constraints,
will communicate selected coordinates each lincs iteration

++++ PLEASE READ AND CITE THE FOLLOWING REFERENCE ++++
S. Miyamoto and P. A. Kollman
SETTLE: An Analytical Version of the SHAKE and RATTLE Algorithms for Rigid
Water Models
J. Comp. Chem. 13 (1992) pp. 952-962
-------- -------- --- Thank You --- -------- --------


Linking all bonded interactions to atoms
There are 86 inter charge-group exclusions,
will use an extra communication step for exclusion forces for PME

The initial number of communication pulses is: X 1 Y 1
The initial domain decomposition cell size is: X 1.23 nm Y 1.23 nm

The maximum allowed distance for charge groups involved in interactions is:
                 non-bonded interactions           1.100 nm
(the following are initial values, they could change due to box deformation)
            two-body bonded interactions  (-rdd)   1.100 nm
          multi-body bonded interactions  (-rdd)   1.100 nm
  atoms separated by up to 5 constraints  (-rcon)  1.232 nm

When dynamic load balancing gets turned on, these settings will change to:
The maximum number of communication pulses is: X 1 Y 1
The minimum size for domain decomposition cells is 1.100 nm
The requested allowed shrink of DD cells (option -dds) is: 0.80
The allowed shrink of domain decomposition cells is: X 0.89 Y 0.89
The maximum allowed distance for charge groups involved in interactions is:
                 non-bonded interactions           1.100 nm
            two-body bonded interactions  (-rdd)   1.100 nm
          multi-body bonded interactions  (-rdd)   1.100 nm
  atoms separated by up to 5 constraints  (-rcon)  1.100 nm


Making 2D domain decomposition grid 2 x 2 x 1, home cell index 0 0 0

Center of mass motion removal mode is Linear
We have the following groups for center of mass motion removal:
  0:  rest

++++ PLEASE READ AND CITE THE FOLLOWING REFERENCE ++++
G. Bussi, D. Donadio and M. Parrinello
Canonical sampling through velocity rescaling
J. Chem. Phys. 126 (2007) pp. 014101
-------- -------- --- Thank You --- -------- --------

There are: 1529 Atoms
Charge group distribution at step 0: 127 130 127 126
Grid: 4 x 4 x 4 cells

Constraining the starting coordinates (step 0)

Constraining the coordinates at t0-dt (step 0)
RMS relative constraint deviation after constraining: 6.70e-06
Initial temperature: 348.37 K

Started mdrun on node 0 Fri Aug 15 00:21:40 2014

           Step           Time         Lambda
              0        0.00000        0.00000


   Energies (kJ/mol)
          Angle    Proper Dih.          LJ-14     Coulomb-14        LJ (SR)
    2.70637e+01    2.09859e+01    1.51052e+01    1.23384e+02    3.95882e+03
   Coulomb (SR)   Coul. recip.      Potential    Kinetic En.   Total Energy
   -2.56454e+04   -1.49369e+03   -2.29937e+04    4.45546e+03   -1.85383e+04
    Temperature Pressure (bar)   Constr. rmsd
    3.50812e+02   -7.89525e+01    5.04792e-06

DD  step 9 load imb.: force  6.1%

DD  step 999 load imb.: force  6.9%

           Step           Time         Lambda
           1000        2.00000        0.00000

   Energies (kJ/mol)
          Angle    Proper Dih.          LJ-14     Coulomb-14        LJ (SR)
    7.02557e+01    2.05859e+01    1.24790e+01    1.20219e+02    2.57354e+03
   Coulomb (SR)   Coul. recip.      Potential    Kinetic En.   Total Energy
   -2.02278e+04   -1.45254e+03   -1.88833e+04    4.44203e+03   -1.44412e+04
    Temperature Pressure (bar)   Constr. rmsd
    3.49755e+02   -7.59508e+02    8.97956e-06

DD  step 1999 load imb.: force  3.5%

           Step           Time         Lambda
           2000        4.00000        0.00000

   Energies (kJ/mol)
          Angle    Proper Dih.          LJ-14     Coulomb-14        LJ (SR)
    4.56760e+01    2.17753e+01    1.78114e+01    1.22421e+02    2.62190e+03
   Coulomb (SR)   Coul. recip.      Potential    Kinetic En.   Total Energy
   -1.99293e+04   -1.43986e+03   -1.85396e+04    4.52279e+03   -1.40168e+04
    Temperature Pressure (bar)   Constr. rmsd
    3.56114e+02   -9.38385e+01    7.15901e-06

DD  step 2999 load imb.: force  6.2%

           Step           Time         Lambda
           3000        6.00000        0.00000

   Energies (kJ/mol)
          Angle    Proper Dih.          LJ-14     Coulomb-14        LJ (SR)
    5.24324e+01    2.29479e+01    1.44000e+01    1.18272e+02    2.74274e+03
   Coulomb (SR)   Coul. recip.      Potential    Kinetic En.   Total Energy
   -2.01056e+04   -1.43808e+03   -1.85929e+04    4.55317e+03   -1.40397e+04
    Temperature Pressure (bar)   Constr. rmsd
    3.58505e+02    4.21209e+02    1.16273e-05

DD  step 3999 load imb.: force  6.0%

           Step           Time         Lambda
           4000        8.00000        0.00000

   Energies (kJ/mol)
          Angle    Proper Dih.          LJ-14     Coulomb-14        LJ (SR)
    8.87023e+01    2.50677e+01    1.91545e+01    1.24327e+02    2.79805e+03
   Coulomb (SR)   Coul. recip.      Potential    Kinetic En.   Total Energy
   -2.02094e+04   -1.43436e+03   -1.85885e+04    4.38908e+03   -1.41994e+04
    Temperature Pressure (bar)   Constr. rmsd
    3.45586e+02    8.65599e+02    3.59266e-06

DD  step 4999 load imb.: force  5.4%

           Step           Time         Lambda
           5000       10.00000        0.00000

Writing checkpoint, step 5000 at Fri Aug 15 00:21:49 2014


   Energies (kJ/mol)
          Angle    Proper Dih.          LJ-14     Coulomb-14        LJ (SR)
    5.50331e+01    2.45630e+01    1.85863e+01    1.01809e+02    2.61420e+03
   Coulomb (SR)   Coul. recip.      Potential    Kinetic En.   Total Energy
   -2.00108e+04   -1.45122e+03   -1.86478e+04    4.27018e+03   -1.43776e+04
    Temperature Pressure (bar)   Constr. rmsd
    3.36224e+02   -6.01114e+02    8.79499e-06

	<======  ###############  ==>
	<====  A V E R A G E S  ====>
	<==  ###############  ======>

	Statistics over 5001 steps using 51 frames

   Energies (kJ/mol)
          Angle    Proper Dih.          LJ-14     Coulomb-14        LJ (SR)
    6.17578e+01    2.19345e+01    1.67517e+01    1.16712e+02    2.75153e+03
   Coulomb (SR)   Coul. recip.      Potential    Kinetic En.   Total Energy
   -2.03896e+04   -1.43954e+03   -1.88605e+04    4.39749e+03   -1.44630e+04
    Temperature Pressure (bar)   Constr. rmsd
    3.46248e+02    6.77923e+01    0.00000e+00

          Box-X          Box-Y          Box-Z
    2.53697e+00    2.53697e+00    2.53697e+00

   Total Virial (kJ/mol)
    1.43056e+03    6.26254e+01    3.76705e+01
    6.24642e+01    1.48237e+03    1.01377e+01
    3.77496e+01    1.02854e+01    1.38949e+03

   Pressure (bar)
    1.11111e+02   -1.20079e+02   -7.17113e+01
   -1.19753e+02   -4.88972e+01   -9.75587e+00
   -7.18753e+01   -1.00560e+01    1.41163e+02


	M E G A - F L O P S   A C C O U N T I N G

 NB=Group-cutoff nonbonded kernels    NxN=N-by-N cluster Verlet kernels
 RF=Reaction-Field  VdW=Van der Waals  QSTab=quadratic-spline table
 W3=SPC/TIP3p  W4=TIP4p (single or pairs)
 V&F=Potential and force  V=Potential only  F=Force only

 Computing:                               M-Number         M-Flops  % Flops
-----------------------------------------------------------------------------
 NB Elec. [V&F]                           7.885776           7.886     0.0
 NB Elec. [F]                           674.645532         674.646     0.7
 NB Elec. [W3,V&F]                        1.988121           1.988     0.0
 NB Elec. [W3,F]                        171.625470         171.625     0.2
 NB VdW & Elec. [V&F]                     4.923918           4.924     0.0
 NB VdW & Elec. [F]                     389.375578         389.376     0.4
 NB VdW & Elec. [W3,V&F]                 12.887556          12.888     0.0
 NB VdW & Elec. [W3,F]                 1067.824864        1067.825     1.1
 NB VdW & Elec. [W3-W3,V&F]             894.055640         894.056     0.9
 NB VdW & Elec. [W3-W3,F]             75580.635104       75580.635    74.5
 1,4 nonbonded interactions               0.255051          22.955     0.0
 Calc Weights                            22.939587         825.825     0.8
 Spread Q Bspline                       489.377856         978.756     1.0
 Gather F Bspline                       489.377856        2936.267     2.9
 3D-FFT                                1901.850294       15214.802    15.0
 Solve PME                                5.761152         368.714     0.4
 NS-Pairs                                59.523828        1250.000     1.2
 Reset In Box                             0.255510           0.767     0.0
 CG-CoM                                   0.767558           2.303     0.0
 Angles                                   0.190038          31.926     0.0
 Propers                                  0.325065          74.440     0.1
 Virial                                   0.856209          15.412     0.0
 Stop-CM                                  0.079508           0.795     0.0
 Calc-Ekin                                1.532058          41.366     0.0
 Lincs                                    0.306140          18.368     0.0
 Lincs-Mat                                6.982368          27.929     0.0
 Constraint-V                             8.160178          65.281     0.1
 Constraint-Vir                           0.786647          18.880     0.0
 Settle                                   2.516509         812.832     0.8
-----------------------------------------------------------------------------
 Total                                                  101513.466   100.0
-----------------------------------------------------------------------------


    D O M A I N   D E C O M P O S I T I O N   S T A T I S T I C S

 av. #atoms communicated per step for force:  2 x 3551.3
 av. #atoms communicated per step for LINCS:  2 x 45.6

 Average load imbalance: 5.7 %
 Part of the total run time spent waiting due to load imbalance: 3.0 %


     R E A L   C Y C L E   A N D   T I M E   A C C O U N T I N G

 Computing:         Nodes   Th.     Count  Wall t (s)     G-Cycles       %
-----------------------------------------------------------------------------
 Domain decomp.         4    1        501       0.145        1.540     1.6
 DD comm. load          4    1          6       0.000        0.000     0.0
 Neighbor search        4    1        501       0.474        5.042     5.1
 Comm. coord.           4    1       5001       0.081        0.863     0.9
 Force                  4    1       5001       5.483       58.343    59.1
 Wait + Comm. F         4    1       5001       0.077        0.815     0.8
 PME mesh               4    1       5001       2.281       24.269    24.6
 Write traj.            4    1          2       0.030        0.321     0.3
 Update                 4    1       5001       0.207        2.200     2.2
 Constraints            4    1       5001       0.356        3.790     3.8
 Comm. energies         4    1        501       0.067        0.718     0.7
 Rest                   4                       0.077        0.822     0.8
-----------------------------------------------------------------------------
 Total                  4                       9.278       98.722   100.0
-----------------------------------------------------------------------------
-----------------------------------------------------------------------------
 PME redist. X/F        4    1      10002       0.586        6.239     6.3
 PME spread/gather      4    1      10002       0.812        8.644     8.8
 PME 3D-FFT             4    1      10002       0.630        6.701     6.8
 PME 3D-FFT Comm.       4    1      20004       0.098        1.039     1.1
 PME solve              4    1       5001       0.145        1.538     1.6
-----------------------------------------------------------------------------

               Core t (s)   Wall t (s)        (%)
       Time:       36.630        9.278      394.8
                 (ns/day)    (hour/ns)
Performance:       93.142        0.258
Finished mdrun on node 0 Fri Aug 15 00:21:49 2014
