topolbuild version 1.3
Command line:
     /usr/bin/topolbuild -n 02_alinhada -dir /opt/topolbuild1_3 -ff gaff

Molecule Name 02_alinhada
Model Type SMALL
Charge Method bcc
Has 46 atoms and 47 bonds

 Atom Record
     no.    name   type residue  Sym seg atno            coordinates             charge     mass  bonds
      1        H      H    UNL    H   1    1     1.0220     0.8350    -0.9810    0.1620    1.0080   1
      2        O    O.2    UNL    O   1    8    -2.2040    -0.5350     1.0430   -0.5881   15.9994   1
      3       O1    O.2    UNL    O   1    8    -0.4820     2.5370    -2.4410   -0.5970   15.9994   1    main
      4       O2    O.3    UNL    O   1    8    -1.6930     4.2150    -3.2760   -0.6001   15.9994   2
      5        N   N.am    UNL    N   1    7    -1.5870     0.9980    -0.5540   -0.4691   14.0067   3    main
      6        C   C.ar    UNL    C   1    6    -0.0030    -0.7030     0.1660   -0.1686   12.0110   3    main
      7       C1   C.ar    UNL    C   1    6     1.0910    -0.1270    -0.4860   -0.0460   12.0110   3    main
      8       C2   C.ar    UNL    C   1    6     2.3200    -0.7780    -0.5030   -0.1410   12.0110   3    main
      9       C3   C.ar    UNL    C   1    6     2.4810    -2.0080     0.1310    0.0991   12.0110   3    main
     10       C4   C.ar    UNL    C   1    6     1.3910    -2.5930     0.7920   -0.3105   12.0110   3    main
     11       C5   C.ar    UNL    C   1    6     0.1690    -1.9360     0.8010    0.0060   12.0110   3
     12       C6    C.2    UNL    C   1    6    -1.3710    -0.0830     0.2720    0.6857   12.0110   3    main
     13       C7   C.ar    UNL    C   1    6    -2.7170     1.8130    -0.6590    0.1386   12.0110   3    main
     14       C8   C.ar    UNL    C   1    6    -2.7070     2.8910    -1.5920   -0.1976   12.0110   3    main
     15       C9   C.ar    UNL    C   1    6    -3.8370     3.7170    -1.7020   -0.0440   12.0110   3    main
     16      C10   C.ar    UNL    C   1    6    -4.9610     3.5080    -0.9210   -0.1750   12.0110   3    main
     17      C11   C.ar    UNL    C   1    6    -4.9620     2.4520    -0.0080   -0.0650   12.0110   3    main
     18      C12   C.ar    UNL    C   1    6    -3.8650     1.6130     0.1260   -0.1740   12.0110   3    main
     19      C13    C.2    UNL    C   1    6    -1.5320     3.1640    -2.4420    0.6667   12.0110   3    main
     20       H1      H    UNL    H   1    1    -0.8480     1.2610    -1.2000    0.3495    1.0080   1
     21       H2      H    UNL    H   1    1    -0.8690     4.2990    -3.7790    0.4510    1.0080   1
     22       H3      H    UNL    H   1    1     3.1640    -0.3280    -1.0090    0.1610    1.0080   1
     23       Br     Br    UNL   Br   1   35     4.2050    -2.8150     0.0450   -0.0391   79.9040   1
     24        S   S.o2    UNL    S   1   16     1.5550    -4.1930     1.6600    1.4842   32.0600   4    main
     25       H4      H    UNL    H   1    1    -0.6760    -2.3790     1.3080    0.1720    1.0080   1
     26       H5      H    UNL    H   1    1    -3.8140     4.5300    -2.4150    0.1580    1.0080   1
     27       H6      H    UNL    H   1    1    -5.8230     4.1560    -1.0190    0.1440    1.0080   1
     28       H7      H    UNL    H   1    1    -5.8340     2.2750     0.6120    0.1420    1.0080   1
     29       H8      H    UNL    H   1    1    -3.8750     0.7980     0.8310    0.1770    1.0080   1
     30       O3    O.2    UNL    O   1    8     1.8140    -5.2080     0.6420   -0.6343   15.9994   1
     31       O4    O.2    UNL    O   1    8     2.4970    -3.9670     2.7550   -0.6343   15.9994   1
     32       N1    N.3    UNL    N   1    7     0.0380    -4.4900     2.2980   -0.8155   14.0067   3    main
     33      C14    C.3    UNL    C   1    6    -0.2090    -4.1350     3.7140    0.2143   12.0110   4    main
     34      C15    C.3    UNL    C   1    6    -1.5950    -3.5360     3.9430   -0.1206   12.0110   4    main
     35      C16    C.3    UNL    C   1    6    -0.7580    -5.5990     1.7180    0.2143   12.0110   4
     36      C17    C.3    UNL    C   1    6    -1.7250    -5.1600     0.6220   -0.1206   12.0110   4
     37       H9      H    UNL    H   1    1    -0.0740    -5.0300     4.3340    0.0604    1.0080   1
     38      H10      H    UNL    H   1    1     0.5610    -3.4290     4.0200    0.0604    1.0080   1
     39      H11      H    UNL    H   1    1    -1.7150    -3.3040     5.0050    0.0455    1.0080   1
     40      H12      H    UNL    H   1    1    -1.7370    -2.6130     3.3770    0.0455    1.0080   1
     41      H13      H    UNL    H   1    1    -2.3920    -4.2310     3.6680    0.0455    1.0080   1
     42      H14      H    UNL    H   1    1    -0.0820    -6.3650     1.3360    0.0604    1.0080   1
     43      H15      H    UNL    H   1    1    -1.3060    -6.0430     2.5540    0.0604    1.0080   1
     44      H16      H    UNL    H   1    1    -2.3110    -6.0180     0.2790    0.0455    1.0080   1
     45      H17      H    UNL    H   1    1    -2.4180    -4.3940     0.9780    0.0455    1.0080   1
     46      H18      H    UNL    H   1    1    -1.1850    -4.7620    -0.2400    0.0455    1.0080   1

===============================================================
----------------------ring property (I)------------------------

        Ring 1

    1     1     6     C
    1     2     7    C1
    1     3     8    C2
    1     4     9    C3
    1     5    10    C4
    1     6    11    C5

        Ring 2

    2     1    13    C7
    2     2    14    C8
    2     3    15    C9
    2     4    16   C10
    2     5    17   C11
    2     6    18   C12

===============================================================
---------------------ring property (II)------------------------
atom[    6] (C   ) belongs to one member of 6-membered ring (No  1)
atom[    7] (C1  ) belongs to one member of 6-membered ring (No  1)
atom[    8] (C2  ) belongs to one member of 6-membered ring (No  1)
atom[    9] (C3  ) belongs to one member of 6-membered ring (No  1)
atom[   10] (C4  ) belongs to one member of 6-membered ring (No  1)
atom[   11] (C5  ) belongs to one member of 6-membered ring (No  1)
atom[   13] (C7  ) belongs to one member of 6-membered ring (No  2)
atom[   14] (C8  ) belongs to one member of 6-membered ring (No  2)
atom[   15] (C9  ) belongs to one member of 6-membered ring (No  2)
atom[   16] (C10 ) belongs to one member of 6-membered ring (No  2)
atom[   17] (C11 ) belongs to one member of 6-membered ring (No  2)
atom[   18] (C12 ) belongs to one member of 6-membered ring (No  2)

===============================================================
---------------------ring property (III)-----------------------
atom[    1] (H   ) is not in any ring (number[1]=1)
atom[    2] (O   ) is not in any ring (number[2]=1)
atom[    3] (O1  ) is not in any ring (number[3]=1)
atom[    4] (O2  ) is not in any ring (number[4]=1)
atom[    5] (N   ) is not in any ring (number[5]=1)
atom[    6] (C   ) involved in 1 6-member ring(s)
atom[    7] (C1  ) involved in 1 6-member ring(s)
atom[    8] (C2  ) involved in 1 6-member ring(s)
atom[    9] (C3  ) involved in 1 6-member ring(s)
atom[   10] (C4  ) involved in 1 6-member ring(s)
atom[   11] (C5  ) involved in 1 6-member ring(s)
atom[   12] (C6  ) is not in any ring (number[12]=1)
atom[   13] (C7  ) involved in 1 6-member ring(s)
atom[   14] (C8  ) involved in 1 6-member ring(s)
atom[   15] (C9  ) involved in 1 6-member ring(s)
atom[   16] (C10 ) involved in 1 6-member ring(s)
atom[   17] (C11 ) involved in 1 6-member ring(s)
atom[   18] (C12 ) involved in 1 6-member ring(s)
atom[   19] (C13 ) is not in any ring (number[19]=1)
atom[   20] (H1  ) is not in any ring (number[20]=1)
atom[   21] (H2  ) is not in any ring (number[21]=1)
atom[   22] (H3  ) is not in any ring (number[22]=1)
atom[   23] (Br  ) is not in any ring (number[23]=1)
atom[   24] (S   ) is not in any ring (number[24]=1)
atom[   25] (H4  ) is not in any ring (number[25]=1)
atom[   26] (H5  ) is not in any ring (number[26]=1)
atom[   27] (H6  ) is not in any ring (number[27]=1)
atom[   28] (H7  ) is not in any ring (number[28]=1)
atom[   29] (H8  ) is not in any ring (number[29]=1)
atom[   30] (O3  ) is not in any ring (number[30]=1)
atom[   31] (O4  ) is not in any ring (number[31]=1)
atom[   32] (N1  ) is not in any ring (number[32]=1)
atom[   33] (C14 ) is not in any ring (number[33]=1)
atom[   34] (C15 ) is not in any ring (number[34]=1)
atom[   35] (C16 ) is not in any ring (number[35]=1)
atom[   36] (C17 ) is not in any ring (number[36]=1)
atom[   37] (H9  ) is not in any ring (number[37]=1)
atom[   38] (H10 ) is not in any ring (number[38]=1)
atom[   39] (H11 ) is not in any ring (number[39]=1)
atom[   40] (H12 ) is not in any ring (number[40]=1)
atom[   41] (H13 ) is not in any ring (number[41]=1)
atom[   42] (H14 ) is not in any ring (number[42]=1)
atom[   43] (H15 ) is not in any ring (number[43]=1)
atom[   44] (H16 ) is not in any ring (number[44]=1)
atom[   45] (H17 ) is not in any ring (number[45]=1)
atom[   46] (H18 ) is not in any ring (number[46]=1)

===============================================================
----------------------aromatic property------------------------
atom[    6] (C   ) is in 1 pure aromatic ring(s) (AR1)
atom[    7] (C1  ) is in 1 pure aromatic ring(s) (AR1)
atom[    8] (C2  ) is in 1 pure aromatic ring(s) (AR1)
atom[    9] (C3  ) is in 1 pure aromatic ring(s) (AR1)
atom[   10] (C4  ) is in 1 pure aromatic ring(s) (AR1)
atom[   11] (C5  ) is in 1 pure aromatic ring(s) (AR1)
atom[   13] (C7  ) is in 1 pure aromatic ring(s) (AR1)
atom[   14] (C8  ) is in 1 pure aromatic ring(s) (AR1)
atom[   15] (C9  ) is in 1 pure aromatic ring(s) (AR1)
atom[   16] (C10 ) is in 1 pure aromatic ring(s) (AR1)
atom[   17] (C11 ) is in 1 pure aromatic ring(s) (AR1)
atom[   18] (C12 ) is in 1 pure aromatic ring(s) (AR1)

===============================================================
---------------------electronic property-----------------------
atom[    1] (H   ) is not an electron withdrawing atom
atom[    2] (O   ) is an electron withdrawing atom
atom[    3] (O1  ) is an electron withdrawing atom
atom[    4] (O2  ) is an electron withdrawing atom
atom[    5] (N   ) is an electron withdrawing atom
atom[    6] (C   ) is not an electron withdrawing atom
atom[    7] (C1  ) is not an electron withdrawing atom
atom[    8] (C2  ) is not an electron withdrawing atom
atom[    9] (C3  ) is not an electron withdrawing atom
atom[   10] (C4  ) is not an electron withdrawing atom
atom[   11] (C5  ) is not an electron withdrawing atom
atom[   12] (C6  ) is not an electron withdrawing atom
atom[   13] (C7  ) is not an electron withdrawing atom
atom[   14] (C8  ) is not an electron withdrawing atom
atom[   15] (C9  ) is not an electron withdrawing atom
atom[   16] (C10 ) is not an electron withdrawing atom
atom[   17] (C11 ) is not an electron withdrawing atom
atom[   18] (C12 ) is not an electron withdrawing atom
atom[   19] (C13 ) is not an electron withdrawing atom
atom[   20] (H1  ) is not an electron withdrawing atom
atom[   21] (H2  ) is not an electron withdrawing atom
atom[   22] (H3  ) is not an electron withdrawing atom
atom[   23] (Br  ) is an electron withdrawing atom
atom[   24] (S   ) is an electron withdrawing atom
atom[   25] (H4  ) is not an electron withdrawing atom
atom[   26] (H5  ) is not an electron withdrawing atom
atom[   27] (H6  ) is not an electron withdrawing atom
atom[   28] (H7  ) is not an electron withdrawing atom
atom[   29] (H8  ) is not an electron withdrawing atom
atom[   30] (O3  ) is an electron withdrawing atom
atom[   31] (O4  ) is an electron withdrawing atom
atom[   32] (N1  ) is an electron withdrawing atom
atom[   33] (C14 ) is not an electron withdrawing atom
atom[   34] (C15 ) is not an electron withdrawing atom
atom[   35] (C16 ) is not an electron withdrawing atom
atom[   36] (C17 ) is not an electron withdrawing atom
atom[   37] (H9  ) is not an electron withdrawing atom
atom[   38] (H10 ) is not an electron withdrawing atom
atom[   39] (H11 ) is not an electron withdrawing atom
atom[   40] (H12 ) is not an electron withdrawing atom
atom[   41] (H13 ) is not an electron withdrawing atom
atom[   42] (H14 ) is not an electron withdrawing atom
atom[   43] (H15 ) is not an electron withdrawing atom
atom[   44] (H16 ) is not an electron withdrawing atom
atom[   45] (H17 ) is not an electron withdrawing atom
atom[   46] (H18 ) is not an electron withdrawing atom

===============================================================
--------------------connectivity property----------------------
atom[    1] (H   )     7    C1
atom[    2] (O   )    12    C6
atom[    3] (O1  )    19   C13
atom[    4] (O2  )    19   C13
atom[    4] (O2  )    21    H2
atom[    5] (N   )    12    C6
atom[    5] (N   )    13    C7
atom[    5] (N   )    20    H1
atom[    6] (C   )     7    C1
atom[    6] (C   )    12    C6
atom[    6] (C   )    11    C5
atom[    7] (C1  )     1     H
atom[    7] (C1  )     8    C2
atom[    7] (C1  )     6     C
atom[    8] (C2  )    22    H3
atom[    8] (C2  )     7    C1
atom[    8] (C2  )     9    C3
atom[    9] (C3  )     8    C2
atom[    9] (C3  )    23    Br
atom[    9] (C3  )    10    C4
atom[   10] (C4  )     9    C3
atom[   10] (C4  )    11    C5
atom[   10] (C4  )    24     S
atom[   11] (C5  )     6     C
atom[   11] (C5  )    10    C4
atom[   11] (C5  )    25    H4
atom[   12] (C6  )     2     O
atom[   12] (C6  )     6     C
atom[   12] (C6  )     5     N
atom[   13] (C7  )    18   C12
atom[   13] (C7  )     5     N
atom[   13] (C7  )    14    C8
atom[   14] (C8  )    13    C7
atom[   14] (C8  )    15    C9
atom[   14] (C8  )    19   C13
atom[   15] (C9  )    16   C10
atom[   15] (C9  )    14    C8
atom[   15] (C9  )    26    H5
atom[   16] (C10 )    17   C11
atom[   16] (C10 )    27    H6
atom[   16] (C10 )    15    C9
atom[   17] (C11 )    28    H7
atom[   17] (C11 )    18   C12
atom[   17] (C11 )    16   C10
atom[   18] (C12 )    29    H8
atom[   18] (C12 )    17   C11
atom[   18] (C12 )    13    C7
atom[   19] (C13 )    14    C8
atom[   19] (C13 )     3    O1
atom[   19] (C13 )     4    O2
atom[   20] (H1  )     5     N
atom[   21] (H2  )     4    O2
atom[   22] (H3  )     8    C2
atom[   23] (Br  )     9    C3
atom[   24] (S   )    31    O4
atom[   24] (S   )    10    C4
atom[   24] (S   )    32    N1
atom[   24] (S   )    30    O3
atom[   25] (H4  )    11    C5
atom[   26] (H5  )    15    C9
atom[   27] (H6  )    16   C10
atom[   28] (H7  )    17   C11
atom[   29] (H8  )    18   C12
atom[   30] (O3  )    24     S
atom[   31] (O4  )    24     S
atom[   32] (N1  )    33   C14
atom[   32] (N1  )    24     S
atom[   32] (N1  )    35   C16
atom[   33] (C14 )    38   H10
atom[   33] (C14 )    34   C15
atom[   33] (C14 )    37    H9
atom[   33] (C14 )    32    N1
atom[   34] (C15 )    39   H11
atom[   34] (C15 )    40   H12
atom[   34] (C15 )    33   C14
atom[   34] (C15 )    41   H13
atom[   35] (C16 )    32    N1
atom[   35] (C16 )    43   H15
atom[   35] (C16 )    42   H14
atom[   35] (C16 )    36   C17
atom[   36] (C17 )    35   C16
atom[   36] (C17 )    45   H17
atom[   36] (C17 )    46   H18
atom[   36] (C17 )    44   H16
atom[   37] (H9  )    33   C14
atom[   38] (H10 )    33   C14
atom[   39] (H11 )    34   C15
atom[   40] (H12 )    34   C15
atom[   41] (H13 )    34   C15
atom[   42] (H14 )    35   C16
atom[   43] (H15 )    35   C16
atom[   44] (H16 )    36   C17
atom[   45] (H17 )    36   C17
atom[   46] (H18 )    36   C17
------------------------------end------------------------------


Found 79 angles, 108 torsions, and 15 impropers

In /opt/topolbuild1_3/dat/antechamber/ATOMTYPE_GFF.DEF there are 5 WILDATOM lines and 274 ATD lines
Number of correlation entries in file = 120

	Found
		71 atom records
		739 bond records
		3504 angle records
		696 torsion records
		39 impropers records
		67 van der Waals records
		0 van der Waals equivalence records with 0 maximum record length


	Atom Force Field Results
     no.    name   type   pol.   radius     pot.
      1        H     HA   0.135   1.4590   0.0150
      2        O     O    0.434   1.6612   0.2100
      3       O1     O    0.434   1.6612   0.2100
      4       O2     OH   0.465   1.7210   0.2104
      5        N     N    0.530   1.8240   0.1700
      6        C     CA   0.360   1.9080   0.0860
      7       C1     CA   0.360   1.9080   0.0860
      8       C2     CA   0.360   1.9080   0.0860
      9       C3     CA   0.360   1.9080   0.0860
     10       C4     CA   0.360   1.9080   0.0860
     11       C5     CA   0.360   1.9080   0.0860
     12       C6     C    0.616   1.9080   0.0860
     13       C7     CA   0.360   1.9080   0.0860
     14       C8     CA   0.360   1.9080   0.0860
     15       C9     CA   0.360   1.9080   0.0860
     16      C10     CA   0.360   1.9080   0.0860
     17      C11     CA   0.360   1.9080   0.0860
     18      C12     CA   0.360   1.9080   0.0860
     19      C13     C    0.616   1.9080   0.0860
     20       H1     HN   0.161   0.6000   0.0157
     21       H2     HO   0.135   0.0000   0.0000
     22       H3     HA   0.135   1.4590   0.0150
     23       Br     BR   2.880   2.2200   0.3200
     24        S     SX   2.900   2.0000   0.2500
     25       H4     HA   0.135   1.4590   0.0150
     26       H5     HA   0.135   1.4590   0.0150
     27       H6     HA   0.135   1.4590   0.0150
     28       H7     HA   0.135   1.4590   0.0150
     29       H8     HA   0.135   1.4590   0.0150
     30       O3     O    0.434   1.6612   0.2100
     31       O4     O    0.434   1.6612   0.2100
     32       N1     N4   0.530   1.8240   0.1700
     33      C14     C3   0.878   1.9080   0.1094
     34      C15     C3   0.878   1.9080   0.1094
     35      C16     C3   0.878   1.9080   0.1094
     36      C17     C3   0.878   1.9080   0.1094
     37       H9     H1   0.135   1.3870   0.0157
     38      H10     H1   0.135   1.3870   0.0157
     39      H11     HC   0.135   1.4870   0.0157
     40      H12     HC   0.135   1.4870   0.0157
     41      H13     HC   0.135   1.4870   0.0157
     42      H14     H1   0.135   1.3870   0.0157
     43      H15     H1   0.135   1.3870   0.0157
     44      H16     HC   0.135   1.4870   0.0157
     45      H17     HC   0.135   1.4870   0.0157
     46      H18     HC   0.135   1.4870   0.0157

	Bond Force Field Results
  no.     bond    type  interp.  force  length   measured
   1   H11-  C15    1     1      337.3   1.092      1.094
   2   H10-  C14    1     1      335.9   1.093      1.089
   3   C15-  H12    1     1      337.3   1.092      1.092
   4   C15-  C14    1     1      303.1   1.535      1.527
   5   C15-  H13    1     1      337.3   1.092      1.093
   6    H9-  C14    1     1      335.9   1.093      1.097
   7    O4-    S    2     2      434.2   1.508      1.462
   8   C14-   N1    1     1      293.6   1.499      1.481
   9    H7-  C11    1     1      344.3   1.087      1.084
  10    H8-  C12    1     1      344.3   1.087      1.078
  11     O-   C6    2     2      648.0   1.214      1.222
  12     H-   C1    1     1      344.3   1.087      1.084
  13   C11-  C12   ar     8      478.4   1.387      1.388
  14   C11-  C10   ar     7      478.4   1.387      1.396
  15   C12-   C7   ar     7      478.4   1.387      1.405
  16    H3-   C2    1     1      344.3   1.087      1.082
  17    C1-   C2   ar     8      478.4   1.387      1.391
  18    C1-    C   ar     7      478.4   1.387      1.398
  19    C2-   C3   ar     7      478.4   1.387      1.393
  20    C6-    C    1     1      349.7   1.487      1.506
  21    C6-    N   am     1      478.2   1.345      1.377
  22     C-   C5   ar     8      478.4   1.387      1.398
  23    H6-  C10    1     1      344.3   1.087      1.083
  24   C10-   C9   ar     8      478.4   1.387      1.385
  25    C3-   Br    1     1      269.6   1.897      1.905
  26    C3-   C4   ar     8      478.4   1.387      1.403
  27    C7-    N    1     1      372.3   1.422      1.397
  28    C7-   C8   ar     8      478.4   1.387      1.426
  29    C5-   C4   ar     7      478.4   1.387      1.387
  30    C5-   H4    1     1      344.3   1.087      1.080
  31    C4-    S    1     1      233.8   1.807      1.828
  32     N-   H1    1     1      410.2   1.009      1.016
  33     S-   N1    1     1      151.0   1.972      1.672
  34     S-   O3    2     2      434.2   1.508      1.461
  35    C9-   C8   ar     7      478.4   1.387      1.404
  36    C9-   H5    1     1      344.3   1.087      1.082
  37    N1-  C16    1     1      293.6   1.499      1.483
  38    C8-  C13    1     1      349.7   1.487      1.476
  39   C13-   O1    2     2      648.0   1.214      1.223
  40   C13-   O2    1     1      466.4   1.306      1.351
  41    O2-   H2    1     1      369.6   0.974      0.969
  42   H15-  C16    1     1      335.9   1.093      1.094
  43   C16-  H14    1     1      335.9   1.093      1.091
  44   C16-  C17    1     1      303.1   1.535      1.526
  45   H17-  C17    1     1      337.3   1.092      1.093
  46   C17-  H18    1     1      337.3   1.092      1.092
  47   C17-  H16    1     1      337.3   1.092      1.094

	Angles Force Field Results
Angle        Atoms        force    angle     method measured
   1   H11-  C15-  H12     39.4   108.35        1    108.044
   2   H11-  C15-  C14     46.4   110.05        1    109.172
   3   H11-  C15-  H13     39.4   108.35        1    107.415
   4   H10-  C14-  C15     46.4   110.07        1    110.208
   5   H10-  C14-   H9     39.2   109.55        1    106.450
   6   H10-  C14-   N1     49.0   107.90       11    107.839
   7   C14-  C15-  H12     46.4   110.05        1    111.828
   8   H13-  C15-  H12     39.4   108.35        1    108.200
   9   H13-  C15-  C14     46.4   110.05        1    112.010
  10   C15-  C14-   H9     46.4   110.07        1    110.298
  11   C15-  C14-   N1     66.0   108.93        1    112.884
  12    H9-  C14-   N1     49.0   107.90       11    108.926
  13    O4-    S-   C4     65.3   106.92        1    106.152
  14    O4-    S-   N1     63.2   104.91      101    109.038
  15    O4-    S-   O3     74.4   110.61      101    121.007
  16   C14-   N1-    S     57.2   108.23     1001    118.270
  17   C14-   N1-  C16     62.8   110.64        1    117.629
  18    H7-  C11-  C12     48.5   120.01        1    118.803
  19    H7-  C11-  C10     48.5   120.01        1    119.864
  20    H8-  C12-  C11     48.5   120.01        1    120.873
  21    H8-  C12-   C7     48.5   120.01        1    118.733
  22     O-   C6-    C     68.7   123.44        1    120.768
  23     O-   C6-    N     75.8   122.03        1    124.183
  24     H-   C1-   C2     48.5   120.01        1    117.775
  25     H-   C1-    C     48.5   120.01        1    121.928
  26   C10-  C11-  C12     67.2   119.97        1    121.333
  27   C11-  C12-   C7     67.2   119.97        1    120.394
  28   C11-  C10-   H6     48.5   120.01        1    120.751
  29   C11-  C10-   C9     67.2   119.97        1    118.927
  30   C12-   C7-    N     68.0   119.89        1    122.398
  31   C12-   C7-   C8     67.2   119.97        1    118.619
  32    H3-   C2-   C1     48.5   120.01        1    120.018
  33    H3-   C2-   C3     48.5   120.01        1    119.331
  34     C-   C1-   C2     67.2   119.97        1    120.293
  35    C1-   C2-   C3     67.2   119.97        1    120.651
  36    C1-    C-   C6     64.6   120.14        1    125.048
  37    C1-    C-   C5     67.2   119.97        1    118.633
  38    C2-   C3-   Br     63.5   118.13        1    117.255
  39    C2-   C3-   C4     67.2   119.97        1    119.532
  40     N-   C6-    C     69.4   112.03        1    115.049
  41    C6-    C-   C5     64.6   120.14        1    116.304
  42    C6-    N-   C7     64.3   123.71        1    129.024
  43    C6-    N-   H1     49.2   118.46        1    118.052
  44     C-   C5-   C4     67.2   119.97        1    121.549
  45     C-   C5-   H4     48.5   120.01        1    118.601
  46    H6-  C10-   C9     48.5   120.01        1    120.322
  47   C10-   C9-   C8     67.2   119.97        1    121.357
  48   C10-   C9-   H5     48.5   120.01        1    120.170
  49    C4-   C3-   Br     63.5   118.13        1    123.213
  50    C3-   C4-   C5     67.2   119.97        1    119.342
  51    C3-   C4-    S     61.2   119.18        1    121.280
  52    C8-   C7-    N     68.0   119.89        1    118.983
  53    C7-    N-   H1     47.6   114.59        1    112.918
  54    C7-   C8-   C9     67.2   119.97        1    119.370
  55    C7-   C8-  C13     64.6   120.14        1    121.494
  56    H4-   C5-   C4     48.5   120.01        1    119.849
  57    C5-   C4-    S     61.2   119.18        1    119.373
  58    C4-    S-   N1     38.3    94.91        9    104.790
  59    C4-    S-   O3     65.3   106.92        1    107.052
  60    O3-    S-   N1     63.2   104.91      101    107.657
  61     S-   N1-  C16     57.2   108.23       11    118.063
  62    H5-   C9-   C8     48.5   120.01        1    118.473
  63    C9-   C8-  C13     64.6   120.14        1    119.135
  64    N1-  C16-  H15     49.0   107.90     1001    105.874
  65    N1-  C16-  H14     49.0   107.90     1001    109.235
  66    N1-  C16-  C17     66.0   108.93        1    113.942
  67    C8-  C13-   O1     68.7   123.44        1    126.037
  68    C8-  C13-   O2     69.5   115.46        1    113.860
  69    O2-  C13-   O1     77.4   122.88        1    120.102
  70   C13-   O2-   H2     51.2   107.37        1    106.646
  71   H15-  C16-  H14     39.2   109.55        1    107.045
  72   H15-  C16-  C17     46.4   110.07        1    110.378
  73   C17-  C16-  H14     46.4   110.07        1    110.073
  74   C16-  C17-  H17     46.4   110.05        1    111.689
  75   C16-  C17-  H18     46.4   110.05        1    110.997
  76   C16-  C17-  H16     46.4   110.05        1    109.811
  77   H17-  C17-  H18     39.4   108.35        1    108.376
  78   H17-  C17-  H16     39.4   108.35        1    108.192
  79   H16-  C17-  H18     39.4   108.35        1    107.645

	Torsions Force Field Results
Simple Torsions
Tors           Atoms           mul force   phase   term   measured   purge
   1   H11-  C15-  C14-  H10    9   1.40     0.0    3.0   300.237    X
   2   H11-  C15-  C14-   H9    9   1.40     0.0    3.0    57.488    X
   3   H11-  C15-  C14-   N1    9   1.40     0.0    3.0   179.594    2
   4   H12-  C15-  C14-  H10    9   1.40     0.0    3.0    59.744    X
   5   H12-  C15-  C14-   H9    9   1.40     0.0    3.0   176.995    X
   6   H12-  C15-  C14-   N1    9   1.40     0.0    3.0   299.101    X
   7   H13-  C15-  C14-  H10    9   1.40     0.0    3.0   181.400    X
   8   H13-  C15-  C14-   H9    9   1.40     0.0    3.0   298.651    X
   9   H13-  C15-  C14-   N1    9   1.40     0.0    3.0    60.757    X
  10   H10-  C14-   N1-    S    9   1.40     0.0    3.0    18.576    X
  11   H10-  C14-   N1-  C16    9   1.40     0.0    3.0   170.752    X
  12   C15-  C14-   N1-    S    9   1.40     0.0    3.0   140.562    3
  13   C15-  C14-   N1-  C16    9   1.40     0.0    3.0   292.738    X
  14    H9-  C14-   N1-    S    9   1.40     0.0    3.0   263.436    X
  15    H9-  C14-   N1-  C16    9   1.40     0.0    3.0    55.611    X
  16    H7-  C11-  C12-   H8    4  14.50   180.0    2.0     0.000    X
  17    H7-  C11-  C12-   C7    4  14.50   180.0    2.0   180.000    X
  18   C10-  C11-  C12-   H8    4  14.50   180.0    2.0   180.000    X
  19   C10-  C11-  C12-   C7    4  14.50   180.0    2.0     0.000    5
  20    H7-  C11-  C10-   H6    4  14.50   180.0    2.0     0.000    X
  21    H7-  C11-  C10-   C9    4  14.50   180.0    2.0   180.000    X
  22   C12-  C11-  C10-   H6    4  14.50   180.0    2.0   180.000    X
  23   C12-  C11-  C10-   C9    4  14.50   180.0    2.0     0.000    5
  24    H8-  C12-   C7-    N    4  14.50   180.0    2.0     0.000    X
  25    H8-  C12-   C7-   C8    4  14.50   180.0    2.0   180.000    X
  26   C11-  C12-   C7-    N    4  14.50   180.0    2.0   180.000    X
  27   C11-  C12-   C7-   C8    4  14.50   180.0    2.0     0.000    5
  28     H-   C1-   C2-   H3    4  14.50   180.0    2.0     0.000    X
  29     H-   C1-   C2-   C3    4  14.50   180.0    2.0   180.000    X
  30     C-   C1-   C2-   H3    4  14.50   180.0    2.0   180.000    X
  31     C-   C1-   C2-   C3    4  14.50   180.0    2.0     0.000    5
  32     H-   C1-    C-   C6    4  14.50   180.0    2.0     0.000    X
  33     H-   C1-    C-   C5    4  14.50   180.0    2.0   180.000    X
  34    C2-   C1-    C-   C6    4  14.50   180.0    2.0   180.000    X
  35    C2-   C1-    C-   C5    4  14.50   180.0    2.0     0.000    5
  36    H3-   C2-   C3-   Br    4  14.50   180.0    2.0     0.000    X
  37    H3-   C2-   C3-   C4    4  14.50   180.0    2.0   180.000    X
  38    C1-   C2-   C3-   Br    4  14.50   180.0    2.0   180.000    X
  39    C1-   C2-   C3-   C4    4  14.50   180.0    2.0     0.000    5
  40     O-   C6-    C-   C1    4  14.50   180.0    2.0   192.522    X
  41     O-   C6-    C-   C5    4  14.50   180.0    2.0    11.080    X
  42     N-   C6-    C-   C1    4  14.50   180.0    2.0    12.703    3
  43     N-   C6-    C-   C5    4  14.50   180.0    2.0   191.261    X
  44     O-   C6-    N-   C7    4  10.00   180.0    2.0     0.000    X
  45     O-   C6-    N-   H1    1   2.50   180.0   -2.0   180.000    X
  45     O-   C6-    N-   H1    1   2.00     0.0    1.0
  46     C-   C6-    N-   C7    4  10.00   180.0    2.0   180.000    3
  47     C-   C6-    N-   H1    4  10.00   180.0    2.0     0.000    X
  48    C1-    C-   C5-   C4    4  14.50   180.0    2.0     0.000    4
  49    C1-    C-   C5-   H4    4  14.50   180.0    2.0   180.000    X
  50    C6-    C-   C5-   C4    4  14.50   180.0    2.0   180.000    X
  51    C6-    C-   C5-   H4    4  14.50   180.0    2.0     0.000    X
  52   C11-  C10-   C9-   C8    4  14.50   180.0    2.0     0.000    5
  53   C11-  C10-   C9-   H5    4  14.50   180.0    2.0   180.000    X
  54    H6-  C10-   C9-   C8    4  14.50   180.0    2.0   180.000    X
  55    H6-  C10-   C9-   H5    4  14.50   180.0    2.0     0.000    X
  56    C2-   C3-   C4-   C5    4  14.50   180.0    2.0     0.000    5
  57    C2-   C3-   C4-    S    4  14.50   180.0    2.0   180.000    X
  58    Br-   C3-   C4-   C5    4  14.50   180.0    2.0   180.000    X
  59    Br-   C3-   C4-    S    4  14.50   180.0    2.0     0.000    X
  60   C12-   C7-    N-   C6    4   1.80   180.0    2.0     0.000    3
  61   C12-   C7-    N-   H1    4   1.80   180.0    2.0   180.000    X
  62    C8-   C7-    N-   C6    4   1.80   180.0    2.0   180.000    X
  63    C8-   C7-    N-   H1    4   1.80   180.0    2.0     0.000    X
  64   C12-   C7-   C8-   C9    4  14.50   180.0    2.0     0.000    5
  65   C12-   C7-   C8-  C13    4  14.50   180.0    2.0   180.000    X
  66     N-   C7-   C8-   C9    4  14.50   180.0    2.0   180.000    X
  67     N-   C7-   C8-  C13    4  14.50   180.0    2.0     0.000    X
  68     C-   C5-   C4-   C3    4  14.50   180.0    2.0     0.000    4
  69     C-   C5-   C4-    S    4  14.50   180.0    2.0   180.000    X
  70    H4-   C5-   C4-   C3    4  14.50   180.0    2.0   180.000    X
  71    H4-   C5-   C4-    S    4  14.50   180.0    2.0     0.000    X
  72    C3-   C4-    S-   O4    4   1.20     0.0    2.0    64.247    X
  73    C3-   C4-    S-   N1    4   1.20     0.0    2.0   180.000    3
  74    C3-   C4-    S-   O3    4   1.20     0.0    2.0   293.719    X
  75    C5-   C4-    S-   O4    4   1.20     0.0    2.0   245.058    X
  76    C5-   C4-    S-   N1    4   1.20     0.0    2.0     0.000    X
  77    C5-   C4-    S-   O3    4   1.20     0.0    2.0   114.531    X
  78    O4-    S-   N1-  C14    6   1.70     0.0    3.0    15.980    X
  79    O4-    S-   N1-  C16    6   1.70     0.0    3.0   223.926    X
  80    C4-    S-   N1-  C14    6   1.70     0.0    3.0   262.684    3
  81    C4-    S-   N1-  C16    6   1.70     0.0    3.0   110.630    X
  82    O3-    S-   N1-  C14    6   1.70     0.0    3.0   148.960    X
  83    O3-    S-   N1-  C16    6   1.70     0.0    3.0     0.000    X
  84   C10-   C9-   C8-   C7    4  14.50   180.0    2.0     0.000    5
  85   C10-   C9-   C8-  C13    4  14.50   180.0    2.0   180.000    X
  86    H5-   C9-   C8-   C7    4  14.50   180.0    2.0   180.000    X
  87    H5-   C9-   C8-  C13    4  14.50   180.0    2.0     0.000    X
  88   C14-   N1-  C16-  H15    9   1.40     0.0    3.0   352.093    X
  89   C14-   N1-  C16-  H14    9   1.40     0.0    3.0   240.000    X
  90   C14-   N1-  C16-  C17    9   1.40     0.0    3.0   113.584    2
  91     S-   N1-  C16-  H15    9   1.40     0.0    3.0   144.327    X
  92     S-   N1-  C16-  H14    9   1.40     0.0    3.0    29.367    X
  93     S-   N1-  C16-  C17    9   1.40     0.0    3.0   265.818    X
  94    C7-   C8-  C13-   O1    4  14.50   180.0    2.0     0.000    3
  95    C7-   C8-  C13-   O2    4  14.50   180.0    2.0   180.000    X
  96    C9-   C8-  C13-   O1    4  14.50   180.0    2.0   180.000    X
  97    C9-   C8-  C13-   O2    4  14.50   180.0    2.0     0.000    X
  98    C8-  C13-   O2-   H2    2   4.60   180.0    2.0   180.000    2
  99    O1-  C13-   O2-   H2    1   2.30   180.0   -2.0     0.000    X
  99    O1-  C13-   O2-   H2    1   1.90     0.0    1.0
 100    N1-  C16-  C17-  H17    9   1.40     0.0    3.0   302.892    2
 101    N1-  C16-  C17-  H18    9   1.40     0.0    3.0    63.961    X
 102    N1-  C16-  C17-  H16    9   1.40     0.0    3.0   182.865    X
 103   H15-  C16-  C17-  H17    9   1.40     0.0    3.0    61.852    X
 104   H15-  C16-  C17-  H18    9   1.40     0.0    3.0   182.920    X
 105   H15-  C16-  C17-  H16    9   1.40     0.0    3.0   301.824    X
 106   H14-  C16-  C17-  H17    9   1.40     0.0    3.0   179.799    X
 107   H14-  C16-  C17-  H18    9   1.40     0.0    3.0   300.867    X
 108   H14-  C16-  C17-  H16    9   1.40     0.0    3.0    59.771    X

	Improper Force Field Results
  no.       Improper Locus       force  phase   measured
   1    C6-   C7-    N-   H1      1.1  180.0     0.000
   2    C1-   C6-    C-   C5      1.1  180.0     0.000   default values
   3     H-   C2-   C1-    C      1.1  180.0     0.000
   4    H3-   C1-   C2-   C3      1.1  180.0     0.000
   5    C2-   Br-   C3-   C4      1.1  180.0     0.000
   6    C3-   C5-   C4-    S      1.1  180.0     0.000   default values
   7     C-   C4-   C5-   H4      1.1  180.0     0.000
   8     O-    C-   C6-    N     10.5  180.0     0.000
   9   C12-    N-   C7-   C8      1.1  180.0     0.000   default values
  10    C7-   C9-   C8-  C13      1.1  180.0     0.000
  11   C10-   C8-   C9-   H5      1.1  180.0     0.000
  12   C11-   H6-  C10-   C9      1.1  180.0     0.000
  13    H7-  C12-  C11-  C10      1.1  180.0     0.000
  14    H8-  C11-  C12-   C7      1.1  180.0     0.000
  15    C8-   O1-  C13-   O2     10.5  180.0     0.000
