topolbuild version 1.3
Command line:
     /usr/bin/topolbuild -n 01_alinhada -dir /opt/topolbuild1_3 -ff gaff

Molecule Name 01_alinhada
Model Type SMALL
Charge Method bcc
Has 46 atoms and 47 bonds

 Atom Record
     no.    name   type residue  Sym seg atno            coordinates             charge     mass  bonds
      1        H      H    UNL    H   1    1     1.0120     0.8340    -0.9760    0.1560    1.0080   1
      2        O    O.2    UNL    O   1    8    -2.1320    -0.3820     1.1880   -0.5841   15.9994   1
      3       O1    O.2    UNL    O   1    8    -0.6080     2.2370    -2.7360   -0.5960   15.9994   1    main
      4       O2    O.3    UNL    O   1    8    -1.8640     3.8110    -3.6960   -0.6011   15.9994   2
      5        N   N.am    UNL    N   1    7    -1.6070     0.9370    -0.6210   -0.4701   14.0067   3    main
      6        C   C.ar    UNL    C   1    6     0.0070    -0.6890     0.1980   -0.1776   12.0110   3    main
      7       C1   C.ar    UNL    C   1    6     1.0950    -0.1270    -0.4830   -0.0400   12.0110   3
      8       C2   C.ar    UNL    C   1    6     2.3160    -0.7950    -0.5300   -0.1630   12.0110   3
      9       C3   C.ar    UNL    C   1    6     2.4730    -2.0250     0.1060    0.0010   12.0110   3
     10       C4   C.ar    UNL    C   1    6     1.3910    -2.5710     0.7920   -0.3735   12.0110   3    main
     11       C5   C.ar    UNL    C   1    6     0.1650    -1.9200     0.8400    0.0330   12.0110   3    main
     12       C6    C.2    UNL    C   1    6    -1.3470    -0.0390     0.3180    0.6867   12.0110   3    main
     13       C7   C.ar    UNL    C   1    6    -2.7410     1.7400    -0.7620    0.1426   12.0110   3    main
     14       C8   C.ar    UNL    C   1    6    -2.7840     2.6990    -1.8170   -0.2006   12.0110   3    main
     15       C9   C.ar    UNL    C   1    6    -3.9210     3.5090    -1.9670   -0.0440   12.0110   3    main
     16      C10   C.ar    UNL    C   1    6    -5.0030     3.3970    -1.1090   -0.1770   12.0110   3    main
     17      C11   C.ar    UNL    C   1    6    -4.9520     2.4580    -0.0770   -0.0640   12.0110   3    main
     18      C12   C.ar    UNL    C   1    6    -3.8460     1.6390     0.1000   -0.1760   12.0110   3    main
     19      C13    C.2    UNL    C   1    6    -1.6570     2.8640    -2.7550    0.6667   12.0110   3    main
     20       H1      H    UNL    H   1    1    -0.9070     1.1030    -1.3400    0.3505    1.0080   1
     21       H2      H    UNL    H   1    1    -1.0700     3.8280    -4.2520    0.4500    1.0080   1
     22       H3      H    UNL    H   1    1     3.1500    -0.3560    -1.0650    0.1490    1.0080   1
     23       H4      H    UNL    H   1    1     3.4100    -2.5670     0.0610    0.1630    1.0080   1
     24        S   S.o2    UNL    S   1   16     1.5840    -4.1650     1.6300    1.5112   32.0600   4    main
     25       H5      H    UNL    H   1    1    -0.6840    -2.3550     1.3540    0.1670    1.0080   1
     26       H6      H    UNL    H   1    1    -3.9380     4.2310    -2.7720    0.1570    1.0080   1
     27       H7      H    UNL    H   1    1    -5.8720     4.0300    -1.2400    0.1430    1.0080   1
     28       H8      H    UNL    H   1    1    -5.7900     2.3570     0.6030    0.1420    1.0080   1
     29       H9      H    UNL    H   1    1    -3.8180     0.9120     0.8950    0.1780    1.0080   1
     30       O3    O.2    UNL    O   1    8     0.3290    -4.8870     1.4320   -0.6498   15.9994   1
     31       O4    O.2    UNL    O   1    8     2.8630    -4.7080     1.1730   -0.6498   15.9994   1
     32       N1    N.3    UNL    N   1    7     1.7340    -3.8410     3.2590   -0.8085   14.0067   3    main
     33      C14    C.3    UNL    C   1    6     0.5570    -3.9200     4.1430    0.2143   12.0110   4    main
     34      C15    C.3    UNL    C   1    6     0.2260    -2.6120     4.8630   -0.1206   12.0110   4    main
     35      C16    C.3    UNL    C   1    6     3.0760    -3.7420     3.8620    0.2143   12.0110   4
     36      C17    C.3    UNL    C   1    6     3.6850    -2.3370     3.8590   -0.1206   12.0110   4
     37      H10      H    UNL    H   1    1    -0.2890    -4.2470     3.5400    0.0607    1.0080   1
     38      H11      H    UNL    H   1    1     0.7410    -4.7160     4.8750    0.0607    1.0080   1
     39      H12      H    UNL    H   1    1    -0.6640    -2.7530     5.4840    0.0440    1.0080   1
     40      H13      H    UNL    H   1    1     1.0390    -2.2900     5.5180    0.0440    1.0080   1
     41      H14      H    UNL    H   1    1     0.0180    -1.8080     4.1520    0.0440    1.0080   1
     42      H15      H    UNL    H   1    1     2.9700    -4.1040     4.8890    0.0607    1.0080   1
     43      H16      H    UNL    H   1    1     3.7390    -4.4370     3.3480    0.0607    1.0080   1
     44      H17      H    UNL    H   1    1     4.6480    -2.3530     4.3780    0.0440    1.0080   1
     45      H18      H    UNL    H   1    1     3.8610    -1.9850     2.8410    0.0440    1.0080   1
     46      H19      H    UNL    H   1    1     3.0380    -1.6150     4.3600    0.0440    1.0080   1

===============================================================
----------------------ring property (I)------------------------

        Ring 1

    1     1     6     C
    1     2     7    C1
    1     3     8    C2
    1     4     9    C3
    1     5    10    C4
    1     6    11    C5

        Ring 2

    2     1    13    C7
    2     2    14    C8
    2     3    15    C9
    2     4    16   C10
    2     5    17   C11
    2     6    18   C12

===============================================================
---------------------ring property (II)------------------------
atom[    6] (C   ) belongs to one member of 6-membered ring (No  1)
atom[    7] (C1  ) belongs to one member of 6-membered ring (No  1)
atom[    8] (C2  ) belongs to one member of 6-membered ring (No  1)
atom[    9] (C3  ) belongs to one member of 6-membered ring (No  1)
atom[   10] (C4  ) belongs to one member of 6-membered ring (No  1)
atom[   11] (C5  ) belongs to one member of 6-membered ring (No  1)
atom[   13] (C7  ) belongs to one member of 6-membered ring (No  2)
atom[   14] (C8  ) belongs to one member of 6-membered ring (No  2)
atom[   15] (C9  ) belongs to one member of 6-membered ring (No  2)
atom[   16] (C10 ) belongs to one member of 6-membered ring (No  2)
atom[   17] (C11 ) belongs to one member of 6-membered ring (No  2)
atom[   18] (C12 ) belongs to one member of 6-membered ring (No  2)

===============================================================
---------------------ring property (III)-----------------------
atom[    1] (H   ) is not in any ring (number[1]=1)
atom[    2] (O   ) is not in any ring (number[2]=1)
atom[    3] (O1  ) is not in any ring (number[3]=1)
atom[    4] (O2  ) is not in any ring (number[4]=1)
atom[    5] (N   ) is not in any ring (number[5]=1)
atom[    6] (C   ) involved in 1 6-member ring(s)
atom[    7] (C1  ) involved in 1 6-member ring(s)
atom[    8] (C2  ) involved in 1 6-member ring(s)
atom[    9] (C3  ) involved in 1 6-member ring(s)
atom[   10] (C4  ) involved in 1 6-member ring(s)
atom[   11] (C5  ) involved in 1 6-member ring(s)
atom[   12] (C6  ) is not in any ring (number[12]=1)
atom[   13] (C7  ) involved in 1 6-member ring(s)
atom[   14] (C8  ) involved in 1 6-member ring(s)
atom[   15] (C9  ) involved in 1 6-member ring(s)
atom[   16] (C10 ) involved in 1 6-member ring(s)
atom[   17] (C11 ) involved in 1 6-member ring(s)
atom[   18] (C12 ) involved in 1 6-member ring(s)
atom[   19] (C13 ) is not in any ring (number[19]=1)
atom[   20] (H1  ) is not in any ring (number[20]=1)
atom[   21] (H2  ) is not in any ring (number[21]=1)
atom[   22] (H3  ) is not in any ring (number[22]=1)
atom[   23] (H4  ) is not in any ring (number[23]=1)
atom[   24] (S   ) is not in any ring (number[24]=1)
atom[   25] (H5  ) is not in any ring (number[25]=1)
atom[   26] (H6  ) is not in any ring (number[26]=1)
atom[   27] (H7  ) is not in any ring (number[27]=1)
atom[   28] (H8  ) is not in any ring (number[28]=1)
atom[   29] (H9  ) is not in any ring (number[29]=1)
atom[   30] (O3  ) is not in any ring (number[30]=1)
atom[   31] (O4  ) is not in any ring (number[31]=1)
atom[   32] (N1  ) is not in any ring (number[32]=1)
atom[   33] (C14 ) is not in any ring (number[33]=1)
atom[   34] (C15 ) is not in any ring (number[34]=1)
atom[   35] (C16 ) is not in any ring (number[35]=1)
atom[   36] (C17 ) is not in any ring (number[36]=1)
atom[   37] (H10 ) is not in any ring (number[37]=1)
atom[   38] (H11 ) is not in any ring (number[38]=1)
atom[   39] (H12 ) is not in any ring (number[39]=1)
atom[   40] (H13 ) is not in any ring (number[40]=1)
atom[   41] (H14 ) is not in any ring (number[41]=1)
atom[   42] (H15 ) is not in any ring (number[42]=1)
atom[   43] (H16 ) is not in any ring (number[43]=1)
atom[   44] (H17 ) is not in any ring (number[44]=1)
atom[   45] (H18 ) is not in any ring (number[45]=1)
atom[   46] (H19 ) is not in any ring (number[46]=1)

===============================================================
----------------------aromatic property------------------------
atom[    6] (C   ) is in 1 pure aromatic ring(s) (AR1)
atom[    7] (C1  ) is in 1 pure aromatic ring(s) (AR1)
atom[    8] (C2  ) is in 1 pure aromatic ring(s) (AR1)
atom[    9] (C3  ) is in 1 pure aromatic ring(s) (AR1)
atom[   10] (C4  ) is in 1 pure aromatic ring(s) (AR1)
atom[   11] (C5  ) is in 1 pure aromatic ring(s) (AR1)
atom[   13] (C7  ) is in 1 pure aromatic ring(s) (AR1)
atom[   14] (C8  ) is in 1 pure aromatic ring(s) (AR1)
atom[   15] (C9  ) is in 1 pure aromatic ring(s) (AR1)
atom[   16] (C10 ) is in 1 pure aromatic ring(s) (AR1)
atom[   17] (C11 ) is in 1 pure aromatic ring(s) (AR1)
atom[   18] (C12 ) is in 1 pure aromatic ring(s) (AR1)

===============================================================
---------------------electronic property-----------------------
atom[    1] (H   ) is not an electron withdrawing atom
atom[    2] (O   ) is an electron withdrawing atom
atom[    3] (O1  ) is an electron withdrawing atom
atom[    4] (O2  ) is an electron withdrawing atom
atom[    5] (N   ) is an electron withdrawing atom
atom[    6] (C   ) is not an electron withdrawing atom
atom[    7] (C1  ) is not an electron withdrawing atom
atom[    8] (C2  ) is not an electron withdrawing atom
atom[    9] (C3  ) is not an electron withdrawing atom
atom[   10] (C4  ) is not an electron withdrawing atom
atom[   11] (C5  ) is not an electron withdrawing atom
atom[   12] (C6  ) is not an electron withdrawing atom
atom[   13] (C7  ) is not an electron withdrawing atom
atom[   14] (C8  ) is not an electron withdrawing atom
atom[   15] (C9  ) is not an electron withdrawing atom
atom[   16] (C10 ) is not an electron withdrawing atom
atom[   17] (C11 ) is not an electron withdrawing atom
atom[   18] (C12 ) is not an electron withdrawing atom
atom[   19] (C13 ) is not an electron withdrawing atom
atom[   20] (H1  ) is not an electron withdrawing atom
atom[   21] (H2  ) is not an electron withdrawing atom
atom[   22] (H3  ) is not an electron withdrawing atom
atom[   23] (H4  ) is not an electron withdrawing atom
atom[   24] (S   ) is an electron withdrawing atom
atom[   25] (H5  ) is not an electron withdrawing atom
atom[   26] (H6  ) is not an electron withdrawing atom
atom[   27] (H7  ) is not an electron withdrawing atom
atom[   28] (H8  ) is not an electron withdrawing atom
atom[   29] (H9  ) is not an electron withdrawing atom
atom[   30] (O3  ) is an electron withdrawing atom
atom[   31] (O4  ) is an electron withdrawing atom
atom[   32] (N1  ) is an electron withdrawing atom
atom[   33] (C14 ) is not an electron withdrawing atom
atom[   34] (C15 ) is not an electron withdrawing atom
atom[   35] (C16 ) is not an electron withdrawing atom
atom[   36] (C17 ) is not an electron withdrawing atom
atom[   37] (H10 ) is not an electron withdrawing atom
atom[   38] (H11 ) is not an electron withdrawing atom
atom[   39] (H12 ) is not an electron withdrawing atom
atom[   40] (H13 ) is not an electron withdrawing atom
atom[   41] (H14 ) is not an electron withdrawing atom
atom[   42] (H15 ) is not an electron withdrawing atom
atom[   43] (H16 ) is not an electron withdrawing atom
atom[   44] (H17 ) is not an electron withdrawing atom
atom[   45] (H18 ) is not an electron withdrawing atom
atom[   46] (H19 ) is not an electron withdrawing atom

===============================================================
--------------------connectivity property----------------------
atom[    1] (H   )     7    C1
atom[    2] (O   )    12    C6
atom[    3] (O1  )    19   C13
atom[    4] (O2  )    19   C13
atom[    4] (O2  )    21    H2
atom[    5] (N   )    12    C6
atom[    5] (N   )    13    C7
atom[    5] (N   )    20    H1
atom[    6] (C   )    11    C5
atom[    6] (C   )    12    C6
atom[    6] (C   )     7    C1
atom[    7] (C1  )     6     C
atom[    7] (C1  )     8    C2
atom[    7] (C1  )     1     H
atom[    8] (C2  )     9    C3
atom[    8] (C2  )     7    C1
atom[    8] (C2  )    22    H3
atom[    9] (C3  )    10    C4
atom[    9] (C3  )    23    H4
atom[    9] (C3  )     8    C2
atom[   10] (C4  )    24     S
atom[   10] (C4  )    11    C5
atom[   10] (C4  )     9    C3
atom[   11] (C5  )    25    H5
atom[   11] (C5  )    10    C4
atom[   11] (C5  )     6     C
atom[   12] (C6  )     2     O
atom[   12] (C6  )     6     C
atom[   12] (C6  )     5     N
atom[   13] (C7  )    18   C12
atom[   13] (C7  )     5     N
atom[   13] (C7  )    14    C8
atom[   14] (C8  )    13    C7
atom[   14] (C8  )    15    C9
atom[   14] (C8  )    19   C13
atom[   15] (C9  )    16   C10
atom[   15] (C9  )    14    C8
atom[   15] (C9  )    26    H6
atom[   16] (C10 )    17   C11
atom[   16] (C10 )    27    H7
atom[   16] (C10 )    15    C9
atom[   17] (C11 )    28    H8
atom[   17] (C11 )    18   C12
atom[   17] (C11 )    16   C10
atom[   18] (C12 )    29    H9
atom[   18] (C12 )    17   C11
atom[   18] (C12 )    13    C7
atom[   19] (C13 )    14    C8
atom[   19] (C13 )     3    O1
atom[   19] (C13 )     4    O2
atom[   20] (H1  )     5     N
atom[   21] (H2  )     4    O2
atom[   22] (H3  )     8    C2
atom[   23] (H4  )     9    C3
atom[   24] (S   )    30    O3
atom[   24] (S   )    31    O4
atom[   24] (S   )    10    C4
atom[   24] (S   )    32    N1
atom[   25] (H5  )    11    C5
atom[   26] (H6  )    15    C9
atom[   27] (H7  )    16   C10
atom[   28] (H8  )    17   C11
atom[   29] (H9  )    18   C12
atom[   30] (O3  )    24     S
atom[   31] (O4  )    24     S
atom[   32] (N1  )    24     S
atom[   32] (N1  )    33   C14
atom[   32] (N1  )    35   C16
atom[   33] (C14 )    37   H10
atom[   33] (C14 )    38   H11
atom[   33] (C14 )    32    N1
atom[   33] (C14 )    34   C15
atom[   34] (C15 )    33   C14
atom[   34] (C15 )    39   H12
atom[   34] (C15 )    41   H14
atom[   34] (C15 )    40   H13
atom[   35] (C16 )    32    N1
atom[   35] (C16 )    43   H16
atom[   35] (C16 )    42   H15
atom[   35] (C16 )    36   C17
atom[   36] (C17 )    35   C16
atom[   36] (C17 )    45   H18
atom[   36] (C17 )    46   H19
atom[   36] (C17 )    44   H17
atom[   37] (H10 )    33   C14
atom[   38] (H11 )    33   C14
atom[   39] (H12 )    34   C15
atom[   40] (H13 )    34   C15
atom[   41] (H14 )    34   C15
atom[   42] (H15 )    35   C16
atom[   43] (H16 )    35   C16
atom[   44] (H17 )    36   C17
atom[   45] (H18 )    36   C17
atom[   46] (H19 )    36   C17
------------------------------end------------------------------


Found 79 angles, 108 torsions, and 15 impropers

In /opt/topolbuild1_3/dat/antechamber/ATOMTYPE_GFF.DEF there are 5 WILDATOM lines and 274 ATD lines
Number of correlation entries in file = 120

	Found
		71 atom records
		739 bond records
		3504 angle records
		696 torsion records
		39 impropers records
		67 van der Waals records
		0 van der Waals equivalence records with 0 maximum record length


	Atom Force Field Results
     no.    name   type   pol.   radius     pot.
      1        H     HA   0.135   1.4590   0.0150
      2        O     O    0.434   1.6612   0.2100
      3       O1     O    0.434   1.6612   0.2100
      4       O2     OH   0.465   1.7210   0.2104
      5        N     N    0.530   1.8240   0.1700
      6        C     CA   0.360   1.9080   0.0860
      7       C1     CA   0.360   1.9080   0.0860
      8       C2     CA   0.360   1.9080   0.0860
      9       C3     CA   0.360   1.9080   0.0860
     10       C4     CA   0.360   1.9080   0.0860
     11       C5     CA   0.360   1.9080   0.0860
     12       C6     C    0.616   1.9080   0.0860
     13       C7     CA   0.360   1.9080   0.0860
     14       C8     CA   0.360   1.9080   0.0860
     15       C9     CA   0.360   1.9080   0.0860
     16      C10     CA   0.360   1.9080   0.0860
     17      C11     CA   0.360   1.9080   0.0860
     18      C12     CA   0.360   1.9080   0.0860
     19      C13     C    0.616   1.9080   0.0860
     20       H1     HN   0.161   0.6000   0.0157
     21       H2     HO   0.135   0.0000   0.0000
     22       H3     HA   0.135   1.4590   0.0150
     23       H4     HA   0.135   1.4590   0.0150
     24        S     SX   2.900   2.0000   0.2500
     25       H5     HA   0.135   1.4590   0.0150
     26       H6     HA   0.135   1.4590   0.0150
     27       H7     HA   0.135   1.4590   0.0150
     28       H8     HA   0.135   1.4590   0.0150
     29       H9     HA   0.135   1.4590   0.0150
     30       O3     O    0.434   1.6612   0.2100
     31       O4     O    0.434   1.6612   0.2100
     32       N1     N4   0.530   1.8240   0.1700
     33      C14     C3   0.878   1.9080   0.1094
     34      C15     C3   0.878   1.9080   0.1094
     35      C16     C3   0.878   1.9080   0.1094
     36      C17     C3   0.878   1.9080   0.1094
     37      H10     H1   0.135   1.3870   0.0157
     38      H11     H1   0.135   1.3870   0.0157
     39      H12     HC   0.135   1.4870   0.0157
     40      H13     HC   0.135   1.4870   0.0157
     41      H14     HC   0.135   1.4870   0.0157
     42      H15     H1   0.135   1.3870   0.0157
     43      H16     H1   0.135   1.3870   0.0157
     44      H17     HC   0.135   1.4870   0.0157
     45      H18     HC   0.135   1.4870   0.0157
     46      H19     HC   0.135   1.4870   0.0157

	Bond Force Field Results
  no.     bond    type  interp.  force  length   measured
   1    O3-    S    2     2      434.2   1.508      1.461
   2    O4-    S    2     2      434.2   1.508      1.463
   3     S-   C4    1     1      233.8   1.807      1.811
   4     S-   N1    1     1      151.0   1.972      1.668
   5    H5-   C5    1     1      344.3   1.087      1.084
   6   H10-  C14    1     1      335.9   1.093      1.089
   7    C5-   C4   ar     8      478.4   1.387      1.389
   8    C5-    C   ar     7      478.4   1.387      1.397
   9    C4-   C3   ar     7      478.4   1.387      1.393
  10     O-   C6    2     2      648.0   1.214      1.221
  11    H9-  C12    1     1      344.3   1.087      1.078
  12    H8-  C11    1     1      344.3   1.087      1.084
  13   C12-  C11   ar     8      478.4   1.387      1.388
  14   C12-   C7   ar     7      478.4   1.387      1.405
  15    C6-    C    1     1      349.7   1.487      1.507
  16    C6-    N   am     1      478.2   1.345      1.379
  17   C11-  C10   ar     7      478.4   1.387      1.396
  18     C-   C1   ar     8      478.4   1.387      1.401
  19   H11-  C14    1     1      335.9   1.093      1.097
  20     N-   C7    1     1      372.3   1.422      1.397
  21     N-   H1    1     1      410.2   1.009      1.017
  22    C7-   C8   ar     8      478.4   1.387      1.426
  23   C10-   H7    1     1      344.3   1.087      1.083
  24   C10-   C9   ar     8      478.4   1.387      1.385
  25    H4-   C3    1     1      344.3   1.087      1.083
  26    C3-   C2   ar     8      478.4   1.387      1.394
  27   C14-   N1    1     1      293.6   1.499      1.474
  28   C14-  C15    1     1      303.1   1.535      1.529
  29    C8-   C9   ar     7      478.4   1.387      1.404
  30    C8-  C13    1     1      349.7   1.487      1.476
  31    C9-   H6    1     1      344.3   1.087      1.081
  32    N1-  C16    1     1      293.6   1.499      1.475
  33   C13-   O1    2     2      648.0   1.214      1.222
  34   C13-   O2    1     1      466.4   1.306      1.351
  35    O2-   H2    1     1      369.6   0.974      0.969
  36    C1-   C2   ar     7      478.4   1.387      1.393
  37    C1-    H    1     1      344.3   1.087      1.083
  38    C2-   H3    1     1      344.3   1.087      1.084
  39   H16-  C16    1     1      335.9   1.093      1.089
  40   H12-  C15    1     1      337.3   1.092      1.094
  41   C16-  H15    1     1      335.9   1.093      1.094
  42   C16-  C17    1     1      303.1   1.535      1.531
  43   C15-  H14    1     1      337.3   1.092      1.093
  44   C15-  H13    1     1      337.3   1.092      1.093
  45   H18-  C17    1     1      337.3   1.092      1.091
  46   C17-  H19    1     1      337.3   1.092      1.091
  47   C17-  H17    1     1      337.3   1.092      1.094

	Angles Force Field Results
Angle        Atoms        force    angle     method measured
   1    O3-    S-   O4     74.4   110.61      101    121.681
   2    O3-    S-   C4     65.3   106.92        1    106.297
   3    O3-    S-   N1     63.2   104.91      101    107.793
   4    O4-    S-   C4     65.3   106.92        1    105.982
   5    O4-    S-   N1     63.2   104.91      101    107.377
   6    N1-    S-   C4     38.3    94.91        9    106.891
   7     S-   C4-   C5     61.2   119.18        1    119.378
   8     S-   C4-   C3     61.2   119.18        1    119.352
   9     S-   N1-  C14     57.2   108.23       11    120.235
  10     S-   N1-  C16     57.2   108.23       11    119.627
  11    H5-   C5-   C4     48.5   120.01        1    121.320
  12    H5-   C5-    C     48.5   120.01        1    118.881
  13   H10-  C14-  H11     39.2   109.55        1    106.372
  14   H10-  C14-   N1     49.0   107.90       11    107.714
  15   H10-  C14-  C15     46.4   110.07        1    110.446
  16     C-   C5-   C4     67.2   119.97        1    119.791
  17    C5-   C4-   C3     67.2   119.97        1    121.269
  18    C5-    C-   C6     64.6   120.14        1    116.428
  19    C5-    C-   C1     67.2   119.97        1    119.265
  20    C4-   C3-   H4     48.5   120.01        1    119.754
  21    C4-   C3-   C2     67.2   119.97        1    118.903
  22     O-   C6-    C     68.7   123.44        1    120.885
  23     O-   C6-    N     75.8   122.03        1    124.247
  24    H9-  C12-  C11     48.5   120.01        1    120.864
  25    H9-  C12-   C7     48.5   120.01        1    118.727
  26    H8-  C11-  C12     48.5   120.01        1    118.765
  27    H8-  C11-  C10     48.5   120.01        1    119.877
  28    C7-  C12-  C11     67.2   119.97        1    120.409
  29   C12-  C11-  C10     67.2   119.97        1    121.357
  30   C12-   C7-    N     68.0   119.89        1    122.362
  31   C12-   C7-   C8     67.2   119.97        1    118.579
  32     N-   C6-    C     69.4   112.03        1    114.866
  33    C6-    C-   C1     64.6   120.14        1    124.295
  34    C6-    N-   C7     64.3   123.71        1    128.955
  35    C6-    N-   H1     49.2   118.46        1    117.844
  36   C11-  C10-   H7     48.5   120.01        1    120.783
  37   C11-  C10-   C9     67.2   119.97        1    118.921
  38     C-   C1-   C2     67.2   119.97        1    120.319
  39     C-   C1-    H     48.5   120.01        1    121.165
  40   H11-  C14-   N1     49.0   107.90       11    107.766
  41   H11-  C14-  C15     46.4   110.07        1    110.046
  42    H1-    N-   C7     47.6   114.59        1    113.178
  43     N-   C7-   C8     68.0   119.89        1    119.058
  44    C7-   C8-   C9     67.2   119.97        1    119.426
  45    C7-   C8-  C13     64.6   120.14        1    121.490
  46    C9-  C10-   H7     48.5   120.01        1    120.296
  47   C10-   C9-   C8     67.2   119.97        1    121.308
  48   C10-   C9-   H6     48.5   120.01        1    120.177
  49    H4-   C3-   C2     48.5   120.01        1    121.335
  50    C3-   C2-   C1     67.2   119.97        1    120.448
  51    C3-   C2-   H3     48.5   120.01        1    119.744
  52   C15-  C14-   N1     66.0   108.93        1    114.161
  53   C14-   N1-  C16     62.8   110.64        1    119.014
  54   C14-  C15-  H12     46.4   110.05        1    109.450
  55   C14-  C15-  H14     46.4   110.05        1    111.345
  56   C14-  C15-  H13     46.4   110.05        1    111.917
  57   C13-   C8-   C9     64.6   120.14        1    119.084
  58    C8-   C9-   H6     48.5   120.01        1    118.515
  59    C8-  C13-   O1     68.7   123.44        1    126.035
  60    C8-  C13-   O2     69.5   115.46        1    113.837
  61    N1-  C16-  H16     49.0   107.90     1001    108.548
  62    N1-  C16-  H15     49.0   107.90     1001    105.871
  63    N1-  C16-  C17     66.0   108.93        1    115.008
  64    O2-  C13-   O1     77.4   122.88        1    120.127
  65   C13-   O2-   H2     51.2   107.37        1    106.635
  66     H-   C1-   C2     48.5   120.01        1    118.514
  67    C1-   C2-   H3     48.5   120.01        1    119.808
  68   H16-  C16-  H15     39.2   109.55        1    106.904
  69   H16-  C16-  C17     46.4   110.07        1    110.022
  70   H12-  C15-  H14     39.4   108.35        1    108.003
  71   H12-  C15-  H13     39.4   108.35        1    107.635
  72   C17-  C16-  H15     46.4   110.07        1    110.118
  73   C16-  C17-  H18     46.4   110.05        1    111.215
  74   C16-  C17-  H19     46.4   110.05        1    111.737
  75   C16-  C17-  H17     46.4   110.05        1    109.616
  76   H13-  C15-  H14     39.4   108.35        1    108.344
  77   H18-  C17-  H19     39.4   108.35        1    108.086
  78   H18-  C17-  H17     39.4   108.35        1    107.773
  79   H17-  C17-  H19     39.4   108.35        1    108.285

	Torsions Force Field Results
Simple Torsions
Tors           Atoms           mul force   phase   term   measured   purge
   1    O3-    S-   C4-   C5    4   1.20     0.0    2.0    37.958    X
   2    O3-    S-   C4-   C3    4   1.20     0.0    2.0   218.288    X
   3    O4-    S-   C4-   C5    4   1.20     0.0    2.0   168.720    X
   4    O4-    S-   C4-   C3    4   1.20     0.0    2.0   349.050    X
   5    N1-    S-   C4-   C5    4   1.20     0.0    2.0   283.028    3
   6    N1-    S-   C4-   C3    4   1.20     0.0    2.0   103.358    X
   7    O3-    S-   N1-  C14    6   1.70     0.0    3.0   342.556    X
   8    O3-    S-   N1-  C16    6   1.70     0.0    3.0   150.321    X
   9    O4-    S-   N1-  C14    6   1.70     0.0    3.0   209.838    X
  10    O4-    S-   N1-  C16    6   1.70     0.0    3.0    17.603    X
  11    C4-    S-   N1-  C14    6   1.70     0.0    3.0    96.476    3
  12    C4-    S-   N1-  C16    6   1.70     0.0    3.0   264.241    X
  13    H5-   C5-   C4-    S    4  14.50   180.0    2.0     0.000    X
  14    H5-   C5-   C4-   C3    4  14.50   180.0    2.0   180.000    X
  15     C-   C5-   C4-    S    4  14.50   180.0    2.0   180.000    X
  16     C-   C5-   C4-   C3    4  14.50   180.0    2.0     0.000    5
  17    H5-   C5-    C-   C6    4  14.50   180.0    2.0     0.000    X
  18    H5-   C5-    C-   C1    4  14.50   180.0    2.0   180.000    X
  19    C4-   C5-    C-   C6    4  14.50   180.0    2.0   180.000    X
  20    C4-   C5-    C-   C1    4  14.50   180.0    2.0     0.000    5
  21     S-   C4-   C3-   H4    4  14.50   180.0    2.0     0.000    X
  22     S-   C4-   C3-   C2    4  14.50   180.0    2.0   180.000    X
  23    C5-   C4-   C3-   H4    4  14.50   180.0    2.0   180.000    X
  24    C5-   C4-   C3-   C2    4  14.50   180.0    2.0     0.000    4
  25    H9-  C12-  C11-   H8    4  14.50   180.0    2.0     0.000    X
  26    H9-  C12-  C11-  C10    4  14.50   180.0    2.0   180.000    X
  27    C7-  C12-  C11-   H8    4  14.50   180.0    2.0   180.000    X
  28    C7-  C12-  C11-  C10    4  14.50   180.0    2.0     0.000    5
  29    H9-  C12-   C7-    N    4  14.50   180.0    2.0     0.000    X
  30    H9-  C12-   C7-   C8    4  14.50   180.0    2.0   180.000    X
  31   C11-  C12-   C7-    N    4  14.50   180.0    2.0   180.000    X
  32   C11-  C12-   C7-   C8    4  14.50   180.0    2.0     0.000    5
  33     O-   C6-    C-   C5    4  14.50   180.0    2.0    18.063    X
  34     O-   C6-    C-   C1    4  14.50   180.0    2.0   199.344    X
  35     N-   C6-    C-   C5    4  14.50   180.0    2.0   198.503    3
  36     N-   C6-    C-   C1    4  14.50   180.0    2.0    19.784    X
  37     O-   C6-    N-   C7    4  10.00   180.0    2.0     0.000    X
  38     O-   C6-    N-   H1    1   2.50   180.0   -2.0   180.000    X
  38     O-   C6-    N-   H1    1   2.00     0.0    1.0
  39     C-   C6-    N-   C7    4  10.00   180.0    2.0   180.000    3
  40     C-   C6-    N-   H1    4  10.00   180.0    2.0     0.000    X
  41    H8-  C11-  C10-   H7    4  14.50   180.0    2.0     0.000    X
  42    H8-  C11-  C10-   C9    4  14.50   180.0    2.0   180.000    X
  43   C12-  C11-  C10-   H7    4  14.50   180.0    2.0   180.000    X
  44   C12-  C11-  C10-   C9    4  14.50   180.0    2.0     0.000    5
  45    C5-    C-   C1-   C2    4  14.50   180.0    2.0     0.000    4
  46    C5-    C-   C1-    H    4  14.50   180.0    2.0   180.000    X
  47    C6-    C-   C1-   C2    4  14.50   180.0    2.0   180.000    X
  48    C6-    C-   C1-    H    4  14.50   180.0    2.0     0.000    X
  49    C6-    N-   C7-  C12    4   1.80   180.0    2.0     0.000    3
  50    C6-    N-   C7-   C8    4   1.80   180.0    2.0   180.000    X
  51    H1-    N-   C7-  C12    4   1.80   180.0    2.0   180.000    X
  52    H1-    N-   C7-   C8    4   1.80   180.0    2.0     0.000    X
  53   C12-   C7-   C8-   C9    4  14.50   180.0    2.0     0.000    5
  54   C12-   C7-   C8-  C13    4  14.50   180.0    2.0   180.000    X
  55     N-   C7-   C8-   C9    4  14.50   180.0    2.0   180.000    X
  56     N-   C7-   C8-  C13    4  14.50   180.0    2.0     0.000    X
  57   C11-  C10-   C9-   C8    4  14.50   180.0    2.0     0.000    5
  58   C11-  C10-   C9-   H6    4  14.50   180.0    2.0   180.000    X
  59    H7-  C10-   C9-   C8    4  14.50   180.0    2.0   180.000    X
  60    H7-  C10-   C9-   H6    4  14.50   180.0    2.0     0.000    X
  61    C4-   C3-   C2-   C1    4  14.50   180.0    2.0     0.000    4
  62    C4-   C3-   C2-   H3    4  14.50   180.0    2.0   180.000    X
  63    H4-   C3-   C2-   C1    4  14.50   180.0    2.0   180.000    X
  64    H4-   C3-   C2-   H3    4  14.50   180.0    2.0     0.000    X
  65   H10-  C14-   N1-    S    9   1.40     0.0    3.0     0.000    X
  66   H10-  C14-   N1-  C16    9   1.40     0.0    3.0   194.666    X
  67   H11-  C14-   N1-    S    9   1.40     0.0    3.0   120.000    X
  68   H11-  C14-   N1-  C16    9   1.40     0.0    3.0   309.064    X
  69   C15-  C14-   N1-    S    9   1.40     0.0    3.0   240.000    3
  70   C15-  C14-   N1-  C16    9   1.40     0.0    3.0    71.627    X
  71   H10-  C14-  C15-  H12    9   1.40     0.0    3.0    57.668    X
  72   H10-  C14-  C15-  H14    9   1.40     0.0    3.0   298.333    X
  73   H10-  C14-  C15-  H13    9   1.40     0.0    3.0   176.903    X
  74   H11-  C14-  C15-  H12    9   1.40     0.0    3.0   300.522    X
  75   H11-  C14-  C15-  H14    9   1.40     0.0    3.0   181.187    X
  76   H11-  C14-  C15-  H13    9   1.40     0.0    3.0    59.757    X
  77    N1-  C14-  C15-  H12    9   1.40     0.0    3.0   179.212    2
  78    N1-  C14-  C15-  H14    9   1.40     0.0    3.0    59.877    X
  79    N1-  C14-  C15-  H13    9   1.40     0.0    3.0   298.447    X
  80    C7-   C8-   C9-  C10    4  14.50   180.0    2.0     0.000    5
  81    C7-   C8-   C9-   H6    4  14.50   180.0    2.0   180.000    X
  82   C13-   C8-   C9-  C10    4  14.50   180.0    2.0   180.000    X
  83   C13-   C8-   C9-   H6    4  14.50   180.0    2.0     0.000    X
  84    C7-   C8-  C13-   O1    4  14.50   180.0    2.0     0.000    3
  85    C7-   C8-  C13-   O2    4  14.50   180.0    2.0   180.000    X
  86    C9-   C8-  C13-   O1    4  14.50   180.0    2.0   180.000    X
  87    C9-   C8-  C13-   O2    4  14.50   180.0    2.0     0.000    X
  88     S-   N1-  C16-  H16    9   1.40     0.0    3.0   326.516    X
  89     S-   N1-  C16-  H15    9   1.40     0.0    3.0   212.044    X
  90     S-   N1-  C16-  C17    9   1.40     0.0    3.0    90.228    2
  91   C14-   N1-  C16-  H16    9   1.40     0.0    3.0   134.431    X
  92   C14-   N1-  C16-  H15    9   1.40     0.0    3.0    19.959    X
  93   C14-   N1-  C16-  C17    9   1.40     0.0    3.0   258.143    X
  94    C8-  C13-   O2-   H2    2   4.60   180.0    2.0   180.000    2
  95    O1-  C13-   O2-   H2    1   2.30   180.0   -2.0     0.000    X
  95    O1-  C13-   O2-   H2    1   1.90     0.0    1.0
  96     C-   C1-   C2-   C3    4  14.50   180.0    2.0     0.000    4
  97     C-   C1-   C2-   H3    4  14.50   180.0    2.0   180.000    X
  98     H-   C1-   C2-   C3    4  14.50   180.0    2.0   180.000    X
  99     H-   C1-   C2-   H3    4  14.50   180.0    2.0     0.000    X
 100    N1-  C16-  C17-  H18    9   1.40     0.0    3.0   295.671    2
 101    N1-  C16-  C17-  H19    9   1.40     0.0    3.0    56.553    X
 102    N1-  C16-  C17-  H17    9   1.40     0.0    3.0   176.597    X
 103   H16-  C16-  C17-  H18    9   1.40     0.0    3.0    58.598    X
 104   H16-  C16-  C17-  H19    9   1.40     0.0    3.0   179.480    X
 105   H16-  C16-  C17-  H17    9   1.40     0.0    3.0   299.524    X
 106   H15-  C16-  C17-  H18    9   1.40     0.0    3.0   176.184    X
 107   H15-  C16-  C17-  H19    9   1.40     0.0    3.0   297.065    X
 108   H15-  C16-  C17-  H17    9   1.40     0.0    3.0    57.109    X

	Improper Force Field Results
  no.       Improper Locus       force  phase   measured
   1    C6-   C7-    N-   H1      1.1  180.0     0.000
   2    C5-   C6-    C-   C1      1.1  180.0     0.000   default values
   3     C-   C2-   C1-    H      1.1  180.0     0.000
   4    C3-   C1-   C2-   H3      1.1  180.0     0.000
   5    C4-   H4-   C3-   C2      1.1  180.0     0.000
   6     S-   C5-   C4-   C3      1.1  180.0     0.000   default values
   7    H5-   C4-   C5-    C      1.1  180.0     0.000
   8     O-    C-   C6-    N     10.5  180.0     0.000
   9   C12-    N-   C7-   C8      1.1  180.0     0.000   default values
  10    C7-   C9-   C8-  C13      1.1  180.0     0.000
  11   C10-   C8-   C9-   H6      1.1  180.0     0.000
  12   C11-   H7-  C10-   C9      1.1  180.0     0.000
  13    H8-  C12-  C11-  C10      1.1  180.0     0.000
  14    H9-  C11-  C12-   C7      1.1  180.0     0.000
  15    C8-   O1-  C13-   O2     10.5  180.0     0.000
