topolbuild version 1.3
Command line:
     /usr/bin/topolbuild -n 20_alinhada -dir /opt/topolbuild1_3 -ff gaff

Molecule Name 20_alinhada
Model Type SMALL
Charge Method bcc
Has 47 atoms and 48 bonds

 Atom Record
     no.    name   type residue  Sym seg atno            coordinates             charge     mass  bonds
      1        H      H    UNL    H   1    1     1.0140     0.8390    -0.9670    0.1590    1.0080   1
      2        O    O.2    UNL    O   1    8    -2.3950    -0.9380     0.1570   -0.5791   15.9994   1
      3       O1    O.2    UNL    O   1    8    -0.0540     3.3280    -0.4810   -0.6060   15.9994   1
      4       O2    O.3    UNL    O   1    8    -1.0490     5.2850    -0.1560   -0.5681   15.9994   2    main
      5        N   N.am    UNL    N   1    7    -1.5030     1.1520    -0.2210   -0.4681   14.0067   3    main
      6        C   C.ar    UNL    C   1    6    -0.0280    -0.7610     0.0620   -0.1786   12.0110   3    main
      7       C1   C.ar    UNL    C   1    6     1.0980    -0.1220    -0.4730   -0.0400   12.0110   3
      8       C2   C.ar    UNL    C   1    6     2.3520    -0.7200    -0.3890   -0.1630   12.0110   3
      9       C3   C.ar    UNL    C   1    6     2.5040    -1.9620     0.2220    0.0010   12.0110   3
     10       C4   C.ar    UNL    C   1    6     1.3780    -2.5980     0.7420   -0.3745   12.0110   3    main
     11       C5   C.ar    UNL    C   1    6     0.1210    -2.0100     0.6720    0.0330   12.0110   3    main
     12       C6    C.2    UNL    C   1    6    -1.4290    -0.2070     0.0040    0.6877   12.0110   3    main
     13       C7   C.ar    UNL    C   1    6    -2.6320     1.9580    -0.3760    0.1726   12.0110   3    main
     14       C8   C.ar    UNL    C   1    6    -2.4540     3.3790    -0.4890   -0.2316   12.0110   3    main
     15       C9   C.ar    UNL    C   1    6    -3.6080     4.1770    -0.6940    0.2121   12.0110   3    main
     16      C10   C.ar    UNL    C   1    6    -4.8760     3.6020    -0.7450   -0.2660   12.0110   3    main
     17      C11   C.ar    UNL    C   1    6    -5.0190     2.2300    -0.5990   -0.0270   12.0110   3    main
     18      C12   C.ar    UNL    C   1    6    -3.9180     1.4050    -0.4180   -0.2150   12.0110   3    main
     19      C13    C.2    UNL    C   1    6    -1.0990     3.9640    -0.3900    0.6747   12.0110   3    main
     20       H1      H    UNL    H   1    1    -0.6310     1.6720    -0.2720    0.3495    1.0080   1
     21       H2      H    UNL    H   1    1    -0.1080     5.5120    -0.1140    0.4430    1.0080   1
     22       H3      H    UNL    H   1    1     3.2180    -0.2140    -0.8000    0.1490    1.0080   1
     23       H4      H    UNL    H   1    1     3.4750    -2.4300     0.3140    0.1640    1.0080   1
     24        S   S.o2    UNL    S   1   16     1.5580    -4.2150     1.5360    1.5052   32.0600   4    main
     25       H5      H    UNL    H   1    1    -0.7500    -2.4930     1.0960    0.1650    1.0080   1
     26       O3    O.3    UNL    O   1    8    -3.4700     5.5170    -0.8680   -0.4671   15.9994   2
     27       H6      H    UNL    H   1    1    -5.7430     4.2350    -0.9030    0.1430    1.0080   1
     28       H7      H    UNL    H   1    1    -6.0090     1.7900    -0.6340    0.1430    1.0080   1
     29       H8      H    UNL    H   1    1    -4.0340     0.3400    -0.3060    0.1810    1.0080   1
     30       O4    O.2    UNL    O   1    8     2.9960    -4.4290     1.6970   -0.6503   15.9994   1
     31       O5    O.2    UNL    O   1    8     0.6490    -4.2130     2.6800   -0.6503   15.9994   1
     32       N1    N.3    UNL    N   1    7     1.0070    -5.3570     0.4520   -0.8095   14.0067   3    main
     33      C14    C.3    UNL    C   1    6    -0.3830    -5.8410     0.5240    0.2148   12.0110   4    main
     34      C15    C.3    UNL    C   1    6    -1.2070    -5.5690    -0.7350   -0.1201   12.0110   4    main
     35      C16    C.3    UNL    C   1    6     1.9660    -6.0540    -0.4250    0.2148   12.0110   4
     36      C17    C.3    UNL    C   1    6     2.2520    -5.3570    -1.7570   -0.1201   12.0110   4
     37       H9      H    UNL    H   1    1    -4.3420     5.9040    -1.0050    0.4240    1.0080   1
     38      H10      H    UNL    H   1    1    -0.3500    -6.9180     0.7280    0.0604    1.0080   1
     39      H11      H    UNL    H   1    1    -0.8490    -5.3780     1.3930    0.0604    1.0080   1
     40      H12      H    UNL    H   1    1    -2.2250    -5.9410    -0.5920    0.0440    1.0080   1
     41      H13      H    UNL    H   1    1    -1.2640    -4.5000    -0.9500    0.0440    1.0080   1
     42      H14      H    UNL    H   1    1    -0.7910    -6.0750    -1.6100    0.0440    1.0080   1
     43      H15      H    UNL    H   1    1     2.8960    -6.1990     0.1260    0.0604    1.0080   1
     44      H16      H    UNL    H   1    1     1.5420    -7.0460    -0.6020    0.0604    1.0080   1
     45      H17      H    UNL    H   1    1     1.3390    -5.1970    -2.3350    0.0440    1.0080   1
     46      H18      H    UNL    H   1    1     2.7300    -4.3880    -1.6010    0.0440    1.0080   1
     47      H19      H    UNL    H   1    1     2.9320    -5.9710    -2.3550    0.0440    1.0080   1

===============================================================
----------------------ring property (I)------------------------

        Ring 1

    1     1     6     C
    1     2     7    C1
    1     3     8    C2
    1     4     9    C3
    1     5    10    C4
    1     6    11    C5

        Ring 2

    2     1    13    C7
    2     2    14    C8
    2     3    15    C9
    2     4    16   C10
    2     5    17   C11
    2     6    18   C12

===============================================================
---------------------ring property (II)------------------------
atom[    6] (C   ) belongs to one member of 6-membered ring (No  1)
atom[    7] (C1  ) belongs to one member of 6-membered ring (No  1)
atom[    8] (C2  ) belongs to one member of 6-membered ring (No  1)
atom[    9] (C3  ) belongs to one member of 6-membered ring (No  1)
atom[   10] (C4  ) belongs to one member of 6-membered ring (No  1)
atom[   11] (C5  ) belongs to one member of 6-membered ring (No  1)
atom[   13] (C7  ) belongs to one member of 6-membered ring (No  2)
atom[   14] (C8  ) belongs to one member of 6-membered ring (No  2)
atom[   15] (C9  ) belongs to one member of 6-membered ring (No  2)
atom[   16] (C10 ) belongs to one member of 6-membered ring (No  2)
atom[   17] (C11 ) belongs to one member of 6-membered ring (No  2)
atom[   18] (C12 ) belongs to one member of 6-membered ring (No  2)

===============================================================
---------------------ring property (III)-----------------------
atom[    1] (H   ) is not in any ring (number[1]=1)
atom[    2] (O   ) is not in any ring (number[2]=1)
atom[    3] (O1  ) is not in any ring (number[3]=1)
atom[    4] (O2  ) is not in any ring (number[4]=1)
atom[    5] (N   ) is not in any ring (number[5]=1)
atom[    6] (C   ) involved in 1 6-member ring(s)
atom[    7] (C1  ) involved in 1 6-member ring(s)
atom[    8] (C2  ) involved in 1 6-member ring(s)
atom[    9] (C3  ) involved in 1 6-member ring(s)
atom[   10] (C4  ) involved in 1 6-member ring(s)
atom[   11] (C5  ) involved in 1 6-member ring(s)
atom[   12] (C6  ) is not in any ring (number[12]=1)
atom[   13] (C7  ) involved in 1 6-member ring(s)
atom[   14] (C8  ) involved in 1 6-member ring(s)
atom[   15] (C9  ) involved in 1 6-member ring(s)
atom[   16] (C10 ) involved in 1 6-member ring(s)
atom[   17] (C11 ) involved in 1 6-member ring(s)
atom[   18] (C12 ) involved in 1 6-member ring(s)
atom[   19] (C13 ) is not in any ring (number[19]=1)
atom[   20] (H1  ) is not in any ring (number[20]=1)
atom[   21] (H2  ) is not in any ring (number[21]=1)
atom[   22] (H3  ) is not in any ring (number[22]=1)
atom[   23] (H4  ) is not in any ring (number[23]=1)
atom[   24] (S   ) is not in any ring (number[24]=1)
atom[   25] (H5  ) is not in any ring (number[25]=1)
atom[   26] (O3  ) is not in any ring (number[26]=1)
atom[   27] (H6  ) is not in any ring (number[27]=1)
atom[   28] (H7  ) is not in any ring (number[28]=1)
atom[   29] (H8  ) is not in any ring (number[29]=1)
atom[   30] (O4  ) is not in any ring (number[30]=1)
atom[   31] (O5  ) is not in any ring (number[31]=1)
atom[   32] (N1  ) is not in any ring (number[32]=1)
atom[   33] (C14 ) is not in any ring (number[33]=1)
atom[   34] (C15 ) is not in any ring (number[34]=1)
atom[   35] (C16 ) is not in any ring (number[35]=1)
atom[   36] (C17 ) is not in any ring (number[36]=1)
atom[   37] (H9  ) is not in any ring (number[37]=1)
atom[   38] (H10 ) is not in any ring (number[38]=1)
atom[   39] (H11 ) is not in any ring (number[39]=1)
atom[   40] (H12 ) is not in any ring (number[40]=1)
atom[   41] (H13 ) is not in any ring (number[41]=1)
atom[   42] (H14 ) is not in any ring (number[42]=1)
atom[   43] (H15 ) is not in any ring (number[43]=1)
atom[   44] (H16 ) is not in any ring (number[44]=1)
atom[   45] (H17 ) is not in any ring (number[45]=1)
atom[   46] (H18 ) is not in any ring (number[46]=1)
atom[   47] (H19 ) is not in any ring (number[47]=1)

===============================================================
----------------------aromatic property------------------------
atom[    6] (C   ) is in 1 pure aromatic ring(s) (AR1)
atom[    7] (C1  ) is in 1 pure aromatic ring(s) (AR1)
atom[    8] (C2  ) is in 1 pure aromatic ring(s) (AR1)
atom[    9] (C3  ) is in 1 pure aromatic ring(s) (AR1)
atom[   10] (C4  ) is in 1 pure aromatic ring(s) (AR1)
atom[   11] (C5  ) is in 1 pure aromatic ring(s) (AR1)
atom[   13] (C7  ) is in 1 pure aromatic ring(s) (AR1)
atom[   14] (C8  ) is in 1 pure aromatic ring(s) (AR1)
atom[   15] (C9  ) is in 1 pure aromatic ring(s) (AR1)
atom[   16] (C10 ) is in 1 pure aromatic ring(s) (AR1)
atom[   17] (C11 ) is in 1 pure aromatic ring(s) (AR1)
atom[   18] (C12 ) is in 1 pure aromatic ring(s) (AR1)

===============================================================
---------------------electronic property-----------------------
atom[    1] (H   ) is not an electron withdrawing atom
atom[    2] (O   ) is an electron withdrawing atom
atom[    3] (O1  ) is an electron withdrawing atom
atom[    4] (O2  ) is an electron withdrawing atom
atom[    5] (N   ) is an electron withdrawing atom
atom[    6] (C   ) is not an electron withdrawing atom
atom[    7] (C1  ) is not an electron withdrawing atom
atom[    8] (C2  ) is not an electron withdrawing atom
atom[    9] (C3  ) is not an electron withdrawing atom
atom[   10] (C4  ) is not an electron withdrawing atom
atom[   11] (C5  ) is not an electron withdrawing atom
atom[   12] (C6  ) is not an electron withdrawing atom
atom[   13] (C7  ) is not an electron withdrawing atom
atom[   14] (C8  ) is not an electron withdrawing atom
atom[   15] (C9  ) is not an electron withdrawing atom
atom[   16] (C10 ) is not an electron withdrawing atom
atom[   17] (C11 ) is not an electron withdrawing atom
atom[   18] (C12 ) is not an electron withdrawing atom
atom[   19] (C13 ) is not an electron withdrawing atom
atom[   20] (H1  ) is not an electron withdrawing atom
atom[   21] (H2  ) is not an electron withdrawing atom
atom[   22] (H3  ) is not an electron withdrawing atom
atom[   23] (H4  ) is not an electron withdrawing atom
atom[   24] (S   ) is an electron withdrawing atom
atom[   25] (H5  ) is not an electron withdrawing atom
atom[   26] (O3  ) is an electron withdrawing atom
atom[   27] (H6  ) is not an electron withdrawing atom
atom[   28] (H7  ) is not an electron withdrawing atom
atom[   29] (H8  ) is not an electron withdrawing atom
atom[   30] (O4  ) is an electron withdrawing atom
atom[   31] (O5  ) is an electron withdrawing atom
atom[   32] (N1  ) is an electron withdrawing atom
atom[   33] (C14 ) is not an electron withdrawing atom
atom[   34] (C15 ) is not an electron withdrawing atom
atom[   35] (C16 ) is not an electron withdrawing atom
atom[   36] (C17 ) is not an electron withdrawing atom
atom[   37] (H9  ) is not an electron withdrawing atom
atom[   38] (H10 ) is not an electron withdrawing atom
atom[   39] (H11 ) is not an electron withdrawing atom
atom[   40] (H12 ) is not an electron withdrawing atom
atom[   41] (H13 ) is not an electron withdrawing atom
atom[   42] (H14 ) is not an electron withdrawing atom
atom[   43] (H15 ) is not an electron withdrawing atom
atom[   44] (H16 ) is not an electron withdrawing atom
atom[   45] (H17 ) is not an electron withdrawing atom
atom[   46] (H18 ) is not an electron withdrawing atom
atom[   47] (H19 ) is not an electron withdrawing atom

===============================================================
--------------------connectivity property----------------------
atom[    1] (H   )     7    C1
atom[    2] (O   )    12    C6
atom[    3] (O1  )    19   C13
atom[    4] (O2  )    21    H2
atom[    4] (O2  )    19   C13
atom[    5] (N   )    12    C6
atom[    5] (N   )    13    C7
atom[    5] (N   )    20    H1
atom[    6] (C   )    11    C5
atom[    6] (C   )    12    C6
atom[    6] (C   )     7    C1
atom[    7] (C1  )     6     C
atom[    7] (C1  )     8    C2
atom[    7] (C1  )     1     H
atom[    8] (C2  )     9    C3
atom[    8] (C2  )     7    C1
atom[    8] (C2  )    22    H3
atom[    9] (C3  )    10    C4
atom[    9] (C3  )    23    H4
atom[    9] (C3  )     8    C2
atom[   10] (C4  )    24     S
atom[   10] (C4  )    11    C5
atom[   10] (C4  )     9    C3
atom[   11] (C5  )    25    H5
atom[   11] (C5  )    10    C4
atom[   11] (C5  )     6     C
atom[   12] (C6  )     2     O
atom[   12] (C6  )     6     C
atom[   12] (C6  )     5     N
atom[   13] (C7  )    18   C12
atom[   13] (C7  )     5     N
atom[   13] (C7  )    14    C8
atom[   14] (C8  )    13    C7
atom[   14] (C8  )    19   C13
atom[   14] (C8  )    15    C9
atom[   15] (C9  )    16   C10
atom[   15] (C9  )    14    C8
atom[   15] (C9  )    26    O3
atom[   16] (C10 )    17   C11
atom[   16] (C10 )    27    H6
atom[   16] (C10 )    15    C9
atom[   17] (C11 )    28    H7
atom[   17] (C11 )    18   C12
atom[   17] (C11 )    16   C10
atom[   18] (C12 )    29    H8
atom[   18] (C12 )    17   C11
atom[   18] (C12 )    13    C7
atom[   19] (C13 )     4    O2
atom[   19] (C13 )    14    C8
atom[   19] (C13 )     3    O1
atom[   20] (H1  )     5     N
atom[   21] (H2  )     4    O2
atom[   22] (H3  )     8    C2
atom[   23] (H4  )     9    C3
atom[   24] (S   )    31    O5
atom[   24] (S   )    30    O4
atom[   24] (S   )    10    C4
atom[   24] (S   )    32    N1
atom[   25] (H5  )    11    C5
atom[   26] (O3  )    15    C9
atom[   26] (O3  )    37    H9
atom[   27] (H6  )    16   C10
atom[   28] (H7  )    17   C11
atom[   29] (H8  )    18   C12
atom[   30] (O4  )    24     S
atom[   31] (O5  )    24     S
atom[   32] (N1  )    24     S
atom[   32] (N1  )    33   C14
atom[   32] (N1  )    35   C16
atom[   33] (C14 )    39   H11
atom[   33] (C14 )    38   H10
atom[   33] (C14 )    32    N1
atom[   33] (C14 )    34   C15
atom[   34] (C15 )    33   C14
atom[   34] (C15 )    40   H12
atom[   34] (C15 )    41   H13
atom[   34] (C15 )    42   H14
atom[   35] (C16 )    32    N1
atom[   35] (C16 )    43   H15
atom[   35] (C16 )    44   H16
atom[   35] (C16 )    36   C17
atom[   36] (C17 )    35   C16
atom[   36] (C17 )    46   H18
atom[   36] (C17 )    45   H17
atom[   36] (C17 )    47   H19
atom[   37] (H9  )    26    O3
atom[   38] (H10 )    33   C14
atom[   39] (H11 )    33   C14
atom[   40] (H12 )    34   C15
atom[   41] (H13 )    34   C15
atom[   42] (H14 )    34   C15
atom[   43] (H15 )    35   C16
atom[   44] (H16 )    35   C16
atom[   45] (H17 )    36   C17
atom[   46] (H18 )    36   C17
atom[   47] (H19 )    36   C17
------------------------------end------------------------------


Found 80 angles, 110 torsions, and 15 impropers

In /opt/topolbuild1_3/dat/antechamber/ATOMTYPE_GFF.DEF there are 5 WILDATOM lines and 274 ATD lines
Number of correlation entries in file = 120

	Found
		71 atom records
		739 bond records
		3504 angle records
		696 torsion records
		39 impropers records
		67 van der Waals records
		0 van der Waals equivalence records with 0 maximum record length


	Atom Force Field Results
     no.    name   type   pol.   radius     pot.
      1        H     HA   0.135   1.4590   0.0150
      2        O     O    0.434   1.6612   0.2100
      3       O1     O    0.434   1.6612   0.2100
      4       O2     OH   0.465   1.7210   0.2104
      5        N     N    0.530   1.8240   0.1700
      6        C     CA   0.360   1.9080   0.0860
      7       C1     CA   0.360   1.9080   0.0860
      8       C2     CA   0.360   1.9080   0.0860
      9       C3     CA   0.360   1.9080   0.0860
     10       C4     CA   0.360   1.9080   0.0860
     11       C5     CA   0.360   1.9080   0.0860
     12       C6     C    0.616   1.9080   0.0860
     13       C7     CA   0.360   1.9080   0.0860
     14       C8     CA   0.360   1.9080   0.0860
     15       C9     CA   0.360   1.9080   0.0860
     16      C10     CA   0.360   1.9080   0.0860
     17      C11     CA   0.360   1.9080   0.0860
     18      C12     CA   0.360   1.9080   0.0860
     19      C13     C    0.616   1.9080   0.0860
     20       H1     HN   0.161   0.6000   0.0157
     21       H2     HO   0.135   0.0000   0.0000
     22       H3     HA   0.135   1.4590   0.0150
     23       H4     HA   0.135   1.4590   0.0150
     24        S     SX   2.900   2.0000   0.2500
     25       H5     HA   0.135   1.4590   0.0150
     26       O3     OH   0.465   1.7210   0.2104
     27       H6     HA   0.135   1.4590   0.0150
     28       H7     HA   0.135   1.4590   0.0150
     29       H8     HA   0.135   1.4590   0.0150
     30       O4     O    0.434   1.6612   0.2100
     31       O5     O    0.434   1.6612   0.2100
     32       N1     N4   0.530   1.8240   0.1700
     33      C14     C3   0.878   1.9080   0.1094
     34      C15     C3   0.878   1.9080   0.1094
     35      C16     C3   0.878   1.9080   0.1094
     36      C17     C3   0.878   1.9080   0.1094
     37       H9     HO   0.135   0.0000   0.0000
     38      H10     H1   0.135   1.3870   0.0157
     39      H11     H1   0.135   1.3870   0.0157
     40      H12     HC   0.135   1.4870   0.0157
     41      H13     HC   0.135   1.4870   0.0157
     42      H14     HC   0.135   1.4870   0.0157
     43      H15     H1   0.135   1.3870   0.0157
     44      H16     H1   0.135   1.3870   0.0157
     45      H17     HC   0.135   1.4870   0.0157
     46      H18     HC   0.135   1.4870   0.0157
     47      H19     HC   0.135   1.4870   0.0157

	Bond Force Field Results
  no.     bond    type  interp.  force  length   measured
   1    O5-    S    2     2      434.2   1.508      1.461
   2   H11-  C14    1     1      335.9   1.093      1.089
   3     S-   O4    2     2      434.2   1.508      1.463
   4     S-   C4    1     1      233.8   1.807      1.810
   5     S-   N1    1     1      151.0   1.972      1.668
   6    H5-   C5    1     1      344.3   1.087      1.082
   7    C5-   C4   ar     8      478.4   1.387      1.389
   8    C5-    C   ar     7      478.4   1.387      1.398
   9    C4-   C3   ar     7      478.4   1.387      1.394
  10     O-   C6    2     2      648.0   1.214      1.221
  11   H10-  C14    1     1      335.9   1.093      1.097
  12    O2-   H2    1     1      369.6   0.974      0.969
  13    O2-  C13    1     1      466.4   1.306      1.342
  14   C14-   N1    1     1      293.6   1.499      1.474
  15   C14-  C15    1     1      303.1   1.535      1.529
  16    H8-  C12    1     1      344.3   1.087      1.077
  17    C6-    C    1     1      349.7   1.487      1.508
  18    C6-    N   am     1      478.2   1.345      1.379
  19    H7-  C11    1     1      344.3   1.087      1.084
  20   C12-  C11   ar     8      478.4   1.387      1.388
  21   C12-   C7   ar     7      478.4   1.387      1.400
  22   C11-  C10   ar     7      478.4   1.387      1.387
  23    C7-    N    1     1      372.3   1.422      1.396
  24    C7-   C8   ar     8      478.4   1.387      1.437
  25     C-   C1   ar     8      478.4   1.387      1.401
  26     N-   H1    1     1      410.2   1.009      1.017
  27   C10-   H6    1     1      344.3   1.087      1.085
  28   C10-   C9   ar     8      478.4   1.387      1.393
  29    N1-  C16    1     1      293.6   1.499      1.475
  30    C8-  C13    1     1      349.7   1.487      1.479
  31    C8-   C9   ar     7      478.4   1.387      1.418
  32   C13-   O1    2     2      648.0   1.214      1.227
  33    C9-   O3    1     1      386.1   1.362      1.358
  34    O3-   H9    1     1      369.6   0.974      0.964
  35    C3-   H4    1     1      344.3   1.087      1.082
  36    C3-   C2   ar     8      478.4   1.387      1.392
  37   H15-  C16    1     1      335.9   1.093      1.091
  38    C1-   C2   ar     7      478.4   1.387      1.392
  39    C1-    H    1     1      344.3   1.087      1.084
  40    C2-   H3    1     1      344.3   1.087      1.084
  41   H12-  C15    1     1      337.3   1.092      1.093
  42   C15-  H13    1     1      337.3   1.092      1.092
  43   C15-  H14    1     1      337.3   1.092      1.093
  44   C16-  H16    1     1      335.9   1.093      1.093
  45   C16-  C17    1     1      303.1   1.535      1.530
  46   H18-  C17    1     1      337.3   1.092      1.092
  47   C17-  H17    1     1      337.3   1.092      1.092
  48   C17-  H19    1     1      337.3   1.092      1.094

	Angles Force Field Results
Angle        Atoms        force    angle     method measured
   1    O5-    S-   O4     74.4   110.61      101    121.709
   2    O5-    S-   C4     65.3   106.92        1    106.278
   3    O5-    S-   N1     63.2   104.91      101    107.711
   4   H11-  C14-  H10     39.2   109.55        1    106.373
   5   H11-  C14-   N1     49.0   107.90       11    107.631
   6   H11-  C14-  C15     46.4   110.07        1    110.530
   7    C4-    S-   O4     65.3   106.92        1    106.063
   8    N1-    S-   O4     63.2   104.91      101    107.223
   9    N1-    S-   C4     38.3    94.91        9    107.075
  10     S-   C4-   C5     61.2   119.18        1    119.341
  11     S-   C4-   C3     61.2   119.18        1    119.397
  12     S-   N1-  C14     57.2   108.23       11    120.308
  13     S-   N1-  C16     57.2   108.23       11    119.684
  14    H5-   C5-   C4     48.5   120.01        1    121.290
  15    H5-   C5-    C     48.5   120.01        1    118.935
  16     C-   C5-   C4     67.2   119.97        1    119.768
  17    C5-   C4-   C3     67.2   119.97        1    121.260
  18    C5-    C-   C6     64.6   120.14        1    116.368
  19    C5-    C-   C1     67.2   119.97        1    119.243
  20    C4-   C3-   H4     48.5   120.01        1    119.734
  21    C4-   C3-   C2     67.2   119.97        1    118.849
  22     O-   C6-    C     68.7   123.44        1    120.687
  23     O-   C6-    N     75.8   122.03        1    124.596
  24   H10-  C14-   N1     49.0   107.90       11    107.654
  25   H10-  C14-  C15     46.4   110.07        1    110.126
  26   C13-   O2-   H2     51.2   107.37        1    105.918
  27    O2-  C13-   C8     69.5   115.46        1    115.781
  28    O2-  C13-   O1     77.4   122.88        1    119.430
  29   C15-  C14-   N1     66.0   108.93        1    114.183
  30   C14-   N1-  C16     62.8   110.64        1    119.159
  31   C14-  C15-  H12     46.4   110.05        1    109.486
  32   C14-  C15-  H13     46.4   110.05        1    111.372
  33   C14-  C15-  H14     46.4   110.05        1    111.820
  34    H8-  C12-  C11     48.5   120.01        1    121.061
  35    H8-  C12-   C7     48.5   120.01        1    119.090
  36     N-   C6-    C     69.4   112.03        1    114.716
  37    C6-    C-   C1     64.6   120.14        1    124.375
  38    C6-    N-   C7     64.3   123.71        1    129.077
  39    C6-    N-   H1     49.2   118.46        1    117.782
  40    H7-  C11-  C12     48.5   120.01        1    119.179
  41    H7-  C11-  C10     48.5   120.01        1    119.489
  42    C7-  C12-  C11     67.2   119.97        1    119.849
  43   C12-  C11-  C10     67.2   119.97        1    121.331
  44   C12-   C7-    N     68.0   119.89        1    121.201
  45   C12-   C7-   C8     67.2   119.97        1    120.133
  46   C11-  C10-   H6     48.5   120.01        1    120.662
  47   C11-  C10-   C9     67.2   119.97        1    119.880
  48    C8-   C7-    N     68.0   119.89        1    118.666
  49    C7-    N-   H1     47.6   114.59        1    113.134
  50    C7-   C8-  C13     64.6   120.14        1    119.963
  51    C7-   C8-   C9     67.2   119.97        1    117.854
  52     C-   C1-   C2     67.2   119.97        1    120.342
  53     C-   C1-    H     48.5   120.01        1    121.081
  54    C9-  C10-   H6     48.5   120.01        1    119.458
  55   C10-   C9-   C8     67.2   119.97        1    120.913
  56   C10-   C9-   O3     69.8   119.94        1    119.666
  57    N1-  C16-  H15     49.0   107.90     1001    108.476
  58    N1-  C16-  H16     49.0   107.90     1001    105.840
  59    N1-  C16-  C17     66.0   108.93        1    115.082
  60    C9-   C8-  C13     64.6   120.14        1    122.183
  61    C8-  C13-   O1     68.7   123.44        1    124.774
  62    C8-   C9-   O3     69.8   119.94        1    119.410
  63    C9-   O3-   H9     48.9   109.47        1    108.809
  64    C2-   C3-   H4     48.5   120.01        1    121.409
  65    C3-   C2-   C1     67.2   119.97        1    120.534
  66    C3-   C2-   H3     48.5   120.01        1    119.705
  67   H15-  C16-  H16     39.2   109.55        1    106.970
  68   H15-  C16-  C17     46.4   110.07        1    109.933
  69     H-   C1-   C2     48.5   120.01        1    118.575
  70    C1-   C2-   H3     48.5   120.01        1    119.760
  71   H12-  C15-  H13     39.4   108.35        1    108.076
  72   H12-  C15-  H14     39.4   108.35        1    107.553
  73   H14-  C15-  H13     39.4   108.35        1    108.389
  74   C17-  C16-  H16     46.4   110.07        1    110.172
  75   C16-  C17-  H18     46.4   110.05        1    111.206
  76   C16-  C17-  H17     46.4   110.05        1    111.782
  77   C16-  C17-  H19     46.4   110.05        1    109.652
  78   H18-  C17-  H17     39.4   108.35        1    108.153
  79   H18-  C17-  H19     39.4   108.35        1    107.704
  80   H19-  C17-  H17     39.4   108.35        1    108.208

	Torsions Force Field Results
Simple Torsions
Tors           Atoms           mul force   phase   term   measured   purge
   1    O5-    S-   C4-   C5    4   1.20     0.0    2.0   322.210    X
   2    O5-    S-   C4-   C3    4   1.20     0.0    2.0   141.713    X
   3    O4-    S-   C4-   C5    4   1.20     0.0    2.0   191.375    X
   4    O4-    S-   C4-   C3    4   1.20     0.0    2.0    10.878    X
   5    N1-    S-   C4-   C5    4   1.20     0.0    2.0    77.122    3
   6    N1-    S-   C4-   C3    4   1.20     0.0    2.0   256.625    X
   7    O5-    S-   N1-  C14    6   1.70     0.0    3.0    18.885    X
   8    O5-    S-   N1-  C16    6   1.70     0.0    3.0   209.516    X
   9    O4-    S-   N1-  C14    6   1.70     0.0    3.0   151.468    X
  10    O4-    S-   N1-  C16    6   1.70     0.0    3.0   342.100    X
  11    C4-    S-   N1-  C14    6   1.70     0.0    3.0   264.937    3
  12    C4-    S-   N1-  C16    6   1.70     0.0    3.0    95.569    X
  13    H5-   C5-   C4-    S    4  14.50   180.0    2.0     0.000    X
  14    H5-   C5-   C4-   C3    4  14.50   180.0    2.0   180.000    X
  15     C-   C5-   C4-    S    4  14.50   180.0    2.0   180.000    X
  16     C-   C5-   C4-   C3    4  14.50   180.0    2.0     0.000    5
  17    H5-   C5-    C-   C6    4  14.50   180.0    2.0     0.000    X
  18    H5-   C5-    C-   C1    4  14.50   180.0    2.0   180.000    X
  19    C4-   C5-    C-   C6    4  14.50   180.0    2.0   180.000    X
  20    C4-   C5-    C-   C1    4  14.50   180.0    2.0     0.000    5
  21     S-   C4-   C3-   H4    4  14.50   180.0    2.0     0.000    X
  22     S-   C4-   C3-   C2    4  14.50   180.0    2.0   180.000    X
  23    C5-   C4-   C3-   H4    4  14.50   180.0    2.0   180.000    X
  24    C5-   C4-   C3-   C2    4  14.50   180.0    2.0     0.000    4
  25    H2-   O2-  C13-   C8    2   4.60   180.0    2.0   180.000    2
  26    H2-   O2-  C13-   O1    1   2.30   180.0   -2.0     0.000    X
  26    H2-   O2-  C13-   O1    1   1.90     0.0    1.0
  27   H11-  C14-   N1-    S    9   1.40     0.0    3.0     0.000    X
  28   H11-  C14-   N1-  C16    9   1.40     0.0    3.0   165.550    X
  29   H10-  C14-   N1-    S    9   1.40     0.0    3.0   240.000    X
  30   H10-  C14-   N1-  C16    9   1.40     0.0    3.0    51.248    X
  31   C15-  C14-   N1-    S    9   1.40     0.0    3.0   120.000    3
  32   C15-  C14-   N1-  C16    9   1.40     0.0    3.0   288.650    X
  33   H11-  C14-  C15-  H12    9   1.40     0.0    3.0   302.553    X
  34   H11-  C14-  C15-  H13    9   1.40     0.0    3.0    62.019    X
  35   H11-  C14-  C15-  H14    9   1.40     0.0    3.0   183.457    X
  36   H10-  C14-  C15-  H12    9   1.40     0.0    3.0    59.799    X
  37   H10-  C14-  C15-  H13    9   1.40     0.0    3.0   179.265    X
  38   H10-  C14-  C15-  H14    9   1.40     0.0    3.0   300.703    X
  39    N1-  C14-  C15-  H12    9   1.40     0.0    3.0   181.039    2
  40    N1-  C14-  C15-  H13    9   1.40     0.0    3.0   300.505    X
  41    N1-  C14-  C15-  H14    9   1.40     0.0    3.0    61.943    X
  42     O-   C6-    C-   C5    4  14.50   180.0    2.0   341.786    X
  43     O-   C6-    C-   C1    4  14.50   180.0    2.0   160.409    X
  44     N-   C6-    C-   C5    4  14.50   180.0    2.0   161.397    3
  45     N-   C6-    C-   C1    4  14.50   180.0    2.0   340.020    X
  46     O-   C6-    N-   C7    4  10.00   180.0    2.0     0.000    X
  47     O-   C6-    N-   H1    1   2.50   180.0   -2.0   180.000    X
  47     O-   C6-    N-   H1    1   2.00     0.0    1.0
  48     C-   C6-    N-   C7    4  10.00   180.0    2.0   180.000    3
  49     C-   C6-    N-   H1    4  10.00   180.0    2.0     0.000    X
  50    H8-  C12-  C11-   H7    4  14.50   180.0    2.0     0.000    X
  51    H8-  C12-  C11-  C10    4  14.50   180.0    2.0   180.000    X
  52    C7-  C12-  C11-   H7    4  14.50   180.0    2.0   180.000    X
  53    C7-  C12-  C11-  C10    4  14.50   180.0    2.0     0.000    5
  54    H8-  C12-   C7-    N    4  14.50   180.0    2.0     0.000    X
  55    H8-  C12-   C7-   C8    4  14.50   180.0    2.0   180.000    X
  56   C11-  C12-   C7-    N    4  14.50   180.0    2.0   180.000    X
  57   C11-  C12-   C7-   C8    4  14.50   180.0    2.0     0.000    5
  58    H7-  C11-  C10-   H6    4  14.50   180.0    2.0     0.000    X
  59    H7-  C11-  C10-   C9    4  14.50   180.0    2.0   180.000    X
  60   C12-  C11-  C10-   H6    4  14.50   180.0    2.0   180.000    X
  61   C12-  C11-  C10-   C9    4  14.50   180.0    2.0     0.000    5
  62   C12-   C7-    N-   C6    4   1.80   180.0    2.0   354.925    3
  63   C12-   C7-    N-   H1    4   1.80   180.0    2.0   180.000    X
  64    C8-   C7-    N-   C6    4   1.80   180.0    2.0   174.737    X
  65    C8-   C7-    N-   H1    4   1.80   180.0    2.0     0.000    X
  66   C12-   C7-   C8-  C13    4  14.50   180.0    2.0   180.000    X
  67   C12-   C7-   C8-   C9    4  14.50   180.0    2.0     0.000    5
  68     N-   C7-   C8-  C13    4  14.50   180.0    2.0     0.000    X
  69     N-   C7-   C8-   C9    4  14.50   180.0    2.0   180.000    X
  70    C5-    C-   C1-   C2    4  14.50   180.0    2.0     0.000    4
  71    C5-    C-   C1-    H    4  14.50   180.0    2.0   180.000    X
  72    C6-    C-   C1-   C2    4  14.50   180.0    2.0   180.000    X
  73    C6-    C-   C1-    H    4  14.50   180.0    2.0     0.000    X
  74   C11-  C10-   C9-   C8    4  14.50   180.0    2.0     0.000    5
  75   C11-  C10-   C9-   O3    4  14.50   180.0    2.0   180.000    X
  76    H6-  C10-   C9-   C8    4  14.50   180.0    2.0   180.000    X
  77    H6-  C10-   C9-   O3    4  14.50   180.0    2.0     0.000    X
  78     S-   N1-  C16-  H15    9   1.40     0.0    3.0    34.892    X
  79     S-   N1-  C16-  H16    9   1.40     0.0    3.0   149.391    X
  80     S-   N1-  C16-  C17    9   1.40     0.0    3.0   271.300    2
  81   C14-   N1-  C16-  H15    9   1.40     0.0    3.0   225.401    X
  82   C14-   N1-  C16-  H16    9   1.40     0.0    3.0   339.900    X
  83   C14-   N1-  C16-  C17    9   1.40     0.0    3.0   101.809    X
  84    C7-   C8-  C13-   O2    4  14.50   180.0    2.0   196.751    3
  85    C7-   C8-  C13-   O1    4  14.50   180.0    2.0    15.330    X
  86    C9-   C8-  C13-   O2    4  14.50   180.0    2.0    16.711    X
  87    C9-   C8-  C13-   O1    4  14.50   180.0    2.0   195.291    X
  88    C7-   C8-   C9-  C10    4  14.50   180.0    2.0     0.000    5
  89    C7-   C8-   C9-   O3    4  14.50   180.0    2.0   180.000    X
  90   C13-   C8-   C9-  C10    4  14.50   180.0    2.0   180.000    X
  91   C13-   C8-   C9-   O3    4  14.50   180.0    2.0     0.000    X
  92   C10-   C9-   O3-   H9    2   1.80   180.0    2.0     0.000    2
  93    C8-   C9-   O3-   H9    2   1.80   180.0    2.0   180.000    X
  94    C4-   C3-   C2-   C1    4  14.50   180.0    2.0     0.000    4
  95    C4-   C3-   C2-   H3    4  14.50   180.0    2.0   180.000    X
  96    H4-   C3-   C2-   C1    4  14.50   180.0    2.0   180.000    X
  97    H4-   C3-   C2-   H3    4  14.50   180.0    2.0     0.000    X
  98     C-   C1-   C2-   C3    4  14.50   180.0    2.0     0.000    4
  99     C-   C1-   C2-   H3    4  14.50   180.0    2.0   180.000    X
 100     H-   C1-   C2-   C3    4  14.50   180.0    2.0   180.000    X
 101     H-   C1-   C2-   H3    4  14.50   180.0    2.0     0.000    X
 102    N1-  C16-  C17-  H18    9   1.40     0.0    3.0    63.776    2
 103    N1-  C16-  C17-  H17    9   1.40     0.0    3.0   302.783    X
 104    N1-  C16-  C17-  H19    9   1.40     0.0    3.0   182.783    X
 105   H15-  C16-  C17-  H18    9   1.40     0.0    3.0   300.960    X
 106   H15-  C16-  C17-  H17    9   1.40     0.0    3.0   179.967    X
 107   H15-  C16-  C17-  H19    9   1.40     0.0    3.0    59.967    X
 108   H16-  C16-  C17-  H18    9   1.40     0.0    3.0   183.315    X
 109   H16-  C16-  C17-  H17    9   1.40     0.0    3.0    62.322    X
 110   H16-  C16-  C17-  H19    9   1.40     0.0    3.0   302.322    X

	Improper Force Field Results
  no.       Improper Locus       force  phase   measured
   1    C6-   C7-    N-   H1      1.1  180.0     0.000
   2    C5-   C6-    C-   C1      1.1  180.0     0.000   default values
   3     C-   C2-   C1-    H      1.1  180.0     0.000
   4    C3-   C1-   C2-   H3      1.1  180.0     0.000
   5    C4-   H4-   C3-   C2      1.1  180.0     0.000
   6     S-   C5-   C4-   C3      1.1  180.0     0.000   default values
   7    H5-   C4-   C5-    C      1.1  180.0     0.000
   8     O-    C-   C6-    N     10.5  180.0     0.000
   9   C12-    N-   C7-   C8      1.1  180.0     0.000   default values
  10    C7-  C13-   C8-   C9      1.1  180.0     0.000   default values
  11   C10-   C8-   C9-   O3      1.1  180.0     0.000   default values
  12   C11-   H6-  C10-   C9      1.1  180.0     0.000
  13    H7-  C12-  C11-  C10      1.1  180.0     0.000
  14    H8-  C11-  C12-   C7      1.1  180.0     0.000
  15    O2-   C8-  C13-   O1     10.5  180.0     0.000
